This file contains any messages produced by compilers while
running configure, to aid debugging if configure makes a mistake.

It was created by decoders-support configure 0.2, which was
generated by GNU Autoconf 2.61.  Invocation command line was

  $ /home/tom/decoders-support-0.3/./configure --build=arm-linux-gnueabi --prefix=/usr --includedir=${prefix}/include --mandir=${prefix}/share/man --infodir=${prefix}/share/info --sysconfdir=/etc --localstatedir=/var --libexecdir=${prefix}/lib/decoders-support --disable-maintainer-mode --disable-dependency-tracking --srcdir=.

## --------- ##
## Platform. ##
## --------- ##

hostname = tom-laptop
uname -m = arm
uname -r = 2.6.31-16-generic-pae
uname -s = Linux
uname -v = #53-Ubuntu SMP Tue Dec 8 05:20:21 UTC 2009

/usr/bin/uname -p = unknown
/bin/uname -X     = unknown

/bin/arch              = arm
/usr/bin/arch -k       = arm
/usr/convex/getsysinfo = unknown
/usr/bin/hostinfo      = unknown
/bin/machine           = unknown
/usr/bin/oslevel       = unknown
/bin/universe          = unknown

PATH: /host_usr/bin
PATH: /scratchbox/devkits/git/bin
PATH: /scratchbox/devkits/svn/bin
PATH: /scratchbox/devkits/doctools/bin
PATH: /scratchbox/devkits/qemu/bin
PATH: /scratchbox/devkits/debian-etch/bin
PATH: /scratchbox/devkits/perl/bin
PATH: /scratchbox/tools/bin
PATH: /targets/links/arch_tools/bin
PATH: /scratchbox/compilers/bin
PATH: /bin
PATH: /usr/bin
PATH: /usr/local/bin
PATH: /usr/X11R6/bin
PATH: /sbin
PATH: /usr/sbin


## ----------- ##
## Core tests. ##
## ----------- ##

configure:1689: checking for a BSD-compatible install
configure:1745: result: /scratchbox/tools/bin/install -c
configure:1756: checking whether build environment is sane
configure:1799: result: yes
configure:1856: checking for gawk
configure:1872: found /scratchbox/tools/bin/gawk
configure:1883: result: gawk
configure:1894: checking whether make sets $(MAKE)
configure:1915: result: yes
configure:2266: creating ./config.status

## ---------------------- ##
## Running config.status. ##
## ---------------------- ##

This file was extended by decoders-support config.status 0.2, which was
generated by GNU Autoconf 2.61.  Invocation command line was

  CONFIG_FILES    = 
  CONFIG_HEADERS  = 
  CONFIG_LINKS    = 
  CONFIG_COMMANDS = 
  $ ./config.status 

on tom-laptop

config.status:585: creating Makefile
config.status:585: creating data/Makefile

## ---------------- ##
## Cache variables. ##
## ---------------- ##

ac_cv_env_build_alias_set=set
ac_cv_env_build_alias_value=arm-linux-gnueabi
ac_cv_env_host_alias_set=
ac_cv_env_host_alias_value=
ac_cv_env_target_alias_set=
ac_cv_env_target_alias_value=
ac_cv_path_install='/scratchbox/tools/bin/install -c'
ac_cv_prog_AWK=gawk
ac_cv_prog_make_make_set=yes

## ----------------- ##
## Output variables. ##
## ----------------- ##

ACLOCAL='${SHELL} /home/tom/decoders-support-0.3/missing --run aclocal-1.8'
AMTAR='${SHELL} /home/tom/decoders-support-0.3/missing --run tar'
AUTOCONF='${SHELL} /home/tom/decoders-support-0.3/missing --run autoconf'
AUTOHEADER='${SHELL} /home/tom/decoders-support-0.3/missing --run autoheader'
AUTOMAKE='${SHELL} /home/tom/decoders-support-0.3/missing --run automake-1.8'
AWK='gawk'
CYGPATH_W='echo'
DEFS='-DPACKAGE_NAME=\"decoders-support\" -DPACKAGE_TARNAME=\"decoders-support\" -DPACKAGE_VERSION=\"0.2\" -DPACKAGE_STRING=\"decoders-support\ 0.2\" -DPACKAGE_BUGREPORT=\"dominikowski@gmail.com\" -DPACKAGE=\"decoders-support\" -DVERSION=\"0.2\" -DPACKAGE_DATA_DIR=\"/usr/share/decoders-support\" -DPACKAGE_LOCALE_DIR=\"/usr/share/locale\"'
ECHO_C=''
ECHO_N='-n'
ECHO_T=''
INSTALL_DATA='${INSTALL} -m 644'
INSTALL_PROGRAM='${INSTALL}'
INSTALL_SCRIPT='${INSTALL}'
INSTALL_STRIP_PROGRAM='${SHELL} $(install_sh) -c -s'
LIBOBJS=''
LIBS=''
LTLIBOBJS=''
MAKEINFO='${SHELL} /home/tom/decoders-support-0.3/missing --run makeinfo'
PACKAGE='decoders-support'
PACKAGE_BUGREPORT='dominikowski@gmail.com'
PACKAGE_NAME='decoders-support'
PACKAGE_STRING='decoders-support 0.2'
PACKAGE_TARNAME='decoders-support'
PACKAGE_VERSION='0.2'
PATH_SEPARATOR=':'
SET_MAKE=''
SHELL='/bin/sh'
STRIP=''
VERSION='0.2'
am__leading_dot='.'
bindir='${exec_prefix}/bin'
build_alias='arm-linux-gnueabi'
datadir='${datarootdir}'
datarootdir='${prefix}/share'
docdir='${datarootdir}/doc/${PACKAGE_TARNAME}'
dvidir='${docdir}'
exec_prefix='${prefix}'
host_alias=''
htmldir='${docdir}'
includedir='${prefix}/include'
infodir='${prefix}/share/info'
install_sh='/home/tom/decoders-support-0.3/install-sh'
libdir='${exec_prefix}/lib'
libexecdir='${prefix}/lib/decoders-support'
localedir='${datarootdir}/locale'
localstatedir='/var'
mandir='${prefix}/share/man'
mkdir_p='mkdir -p -- .'
oldincludedir='/usr/include'
pdfdir='${docdir}'
prefix='/usr'
program_transform_name='s,x,x,'
psdir='${docdir}'
sbindir='${exec_prefix}/sbin'
sharedstatedir='${prefix}/com'
sysconfdir='/etc'
target_alias=''

## ----------- ##
## confdefs.h. ##
## ----------- ##

#define PACKAGE_NAME "decoders-support"
#define PACKAGE_TARNAME "decoders-support"
#define PACKAGE_VERSION "0.2"
#define PACKAGE_STRING "decoders-support 0.2"
#define PACKAGE_BUGREPORT "dominikowski@gmail.com"
#define PACKAGE "decoders-support"
#define VERSION "0.2"
#define PACKAGE_DATA_DIR "/usr/share/decoders-support"
#define PACKAGE_LOCALE_DIR "/usr/share/locale"

configure: exit 0
