This file contains any messages produced by compilers while
running configure, to aid debugging if configure makes a mistake.

It was created by GStreamer Ugly Plug-ins configure 0.10.14.2, which was
generated by GNU Autoconf 2.63.  Invocation command line was

  $ /home/zaheer/gst-plugins-ugly0.10-rm-0.10.10.2-1maemo2/./configure --build=i486-linux-gnu --prefix=/usr --includedir=${prefix}/include --mandir=${prefix}/share/man --infodir=${prefix}/share/info --sysconfdir=/etc --localstatedir=/var --libexecdir=${prefix}/lib/gst-plugins-ugly0.10-rm --disable-maintainer-mode --disable-dependency-tracking --srcdir=. --disable-examples --disable-debug --disable-external --disable-asfdemux --disable-dvdlpcmdec --disable-dvdsub --disable-iec958 --disable-mpegaudioparse --disable-mpegstream --disable-synaesthesia --disable-gtk-doc --with-package-name=GStreamer RealMedia Plugins (Maemo) --with-package-origin=http://maemo.org --enable-experimental

## --------- ##
## Platform. ##
## --------- ##

hostname = zafluendo
uname -m = i486
uname -r = 2.6.30.10-105.2.23.fc11.i686.PAE
uname -s = Linux
uname -v = #1 SMP Thu Feb 11 07:05:37 UTC 2010

/usr/bin/uname -p = unknown
/bin/uname -X     = unknown

/bin/arch              = i486
/usr/bin/arch -k       = i486
/usr/convex/getsysinfo = unknown
/usr/bin/hostinfo      = unknown
/bin/machine           = unknown
/usr/bin/oslevel       = unknown
/bin/universe          = unknown

PATH: /host_usr/bin
PATH: /scratchbox/devkits/git/bin
PATH: /scratchbox/devkits/svn/bin
PATH: /scratchbox/devkits/doctools/bin
PATH: /scratchbox/devkits/debian-etch/bin
PATH: /scratchbox/devkits/perl/bin
PATH: /scratchbox/tools/bin
PATH: /targets/links/arch_tools/bin
PATH: /scratchbox/compilers/bin
PATH: /bin
PATH: /usr/bin
PATH: /usr/local/bin
PATH: /usr/X11R6/bin
PATH: /sbin
PATH: /usr/sbin


## ----------- ##
## Core tests. ##
## ----------- ##

configure:2476: checking for a BSD-compatible install
configure:2544: result: /scratchbox/tools/bin/install -c
configure:2555: checking whether build environment is sane
configure:2598: result: yes
configure:2623: checking for a thread-safe mkdir -p
configure:2662: result: /scratchbox/tools/bin/mkdir -p
configure:2675: checking for gawk
configure:2691: found /scratchbox/tools/bin/gawk
configure:2702: result: gawk
configure:2713: checking whether make sets $(MAKE)
configure:2735: result: yes
configure:2931: checking nano version
configure:2943: result: 2
configure:2958: checking whether to enable maintainer-specific portions of Makefiles
configure:2967: result: no
configure:2987: checking build system type
configure:3005: result: i486-pc-linux-gnu
configure:3027: checking host system type
configure:3042: result: i486-pc-linux-gnu
configure:3410: checking for style of include used by make
configure:3438: result: GNU
configure:3508: checking for gcc
configure:3535: result: cc
configure:3767: checking for C compiler version
configure:3775: cc --version >&5
sbox-i486-pc-linux-gnu-cc (GCC) 4.2.1
Copyright (C) 2007 Free Software Foundation, Inc.
This is free software; see the source for copying conditions.  There is NO
warranty; not even for MERCHANTABILITY or FITNESS FOR A PARTICULAR PURPOSE.

configure:3779: $? = 0
configure:3786: cc -v >&5
Using built-in specs.
Reading specs from /scratchbox/compilers/cs2007q3-glibc2.5-i486/gcc.specs
rename spec cpp to old_cpp
rename spec cc1 to old_cc1
rename spec cc1plus to old_cc1plus
rename spec link to old_link
rename spec mflib to old_mflib
Target: i486-pc-linux-gnu
Configured with: /home/jhakala/cs2007q3-sb5/i486//src/gcc-4.2/configure --build=i686-pc-linux-gnu --host=i686-pc-linux-gnu --target=i486-pc-linux-gnu --enable-threads --disable-libmudflap --disable-libssp --disable-libgomp --disable-libstdcxx-pch --with-gnu-as --with-gnu-ld --enable-languages=c,c++ --enable-shared --enable-symvers=gnu --enable-__cxa_atexit --disable-nls --prefix=/opt/maemo --with-sysroot=/opt/maemo/i486-pc-linux-gnu/libc --with-build-sysroot=/home/jhakala/cs2007q3-sb5/i486//install/i486-pc-linux-gnu/libc --with-build-time-tools=/home/jhakala/cs2007q3-sb5/i486//install/i486-pc-linux-gnu/bin
Thread model: posix
gcc version 4.2.1
configure:3790: $? = 0
configure:3797: cc -V >&5
sbox-i486-pc-linux-gnu-cc: '-V' must come at the start of the command line
configure:3801: $? = 1
configure:3824: checking for C compiler default output file name
configure:3846: cc -g -Wall -O2 -Wno-error  -Wl,-O1 -Wl,--as-needed conftest.c  >&5
configure:3850: $? = 0
configure:3888: result: a.out
configure:3907: checking whether the C compiler works
configure:3917: ./a.out
configure:3921: $? = 0
configure:3940: result: yes
configure:3947: checking whether we are cross compiling
configure:3949: result: no
configure:3952: checking for suffix of executables
configure:3959: cc -o conftest -g -Wall -O2 -Wno-error  -Wl,-O1 -Wl,--as-needed conftest.c  >&5
configure:3963: $? = 0
configure:3989: result: 
configure:3995: checking for suffix of object files
configure:4021: cc -c -g -Wall -O2 -Wno-error  conftest.c >&5
configure:4025: $? = 0
configure:4050: result: o
configure:4054: checking whether we are using the GNU C compiler
configure:4083: cc -c -g -Wall -O2 -Wno-error  conftest.c >&5
configure:4090: $? = 0
configure:4107: result: yes
configure:4116: checking whether cc accepts -g
configure:4146: cc -c -g  conftest.c >&5
configure:4153: $? = 0
configure:4254: result: yes
configure:4271: checking for cc option to accept ISO C89
configure:4345: cc  -c -g -Wall -O2 -Wno-error  conftest.c >&5
configure:4352: $? = 0
configure:4375: result: none needed
configure:4395: checking dependency style of cc
configure:4486: result: none
configure:4501: checking for a sed that does not truncate output
configure:4567: result: /scratchbox/tools/bin/sed
configure:4585: checking for grep that handles long lines and -e
configure:4645: result: /scratchbox/tools/bin/grep
configure:4650: checking for egrep
configure:4714: result: /scratchbox/tools/bin/grep -E
configure:4719: checking for fgrep
configure:4783: result: /scratchbox/tools/bin/grep -F
configure:4818: checking for ld used by cc
configure:4885: result: /scratchbox/compilers/cs2007q3-glibc2.5-i486/i486-pc-linux-gnu/bin/ld
configure:4894: checking if the linker (/scratchbox/compilers/cs2007q3-glibc2.5-i486/i486-pc-linux-gnu/bin/ld) is GNU ld
configure:4909: result: yes
configure:4921: checking for BSD- or MS-compatible name lister (nm)
configure:4970: result: /scratchbox/compilers/bin/nm -B
configure:5088: checking the name lister (/scratchbox/compilers/bin/nm -B) interface
configure:5095: cc -c -g -Wall -O2 -Wno-error  conftest.c >&5
configure:5098: /scratchbox/compilers/bin/nm -B "conftest.o"
configure:5101: output
00000000 B some_variable
configure:5108: result: BSD nm
configure:5111: checking whether ln -s works
configure:5115: result: yes
configure:5123: checking the maximum length of command line arguments
configure:5243: result: 98304
configure:5260: checking whether the shell understands some XSI constructs
configure:5270: result: yes
configure:5274: checking whether the shell understands "+="
configure:5280: result: no
configure:5315: checking for /scratchbox/compilers/cs2007q3-glibc2.5-i486/i486-pc-linux-gnu/bin/ld option to reload object files
configure:5322: result: -r
configure:5349: checking how to recognize dependent libraries
configure:5539: result: pass_all
configure:5599: checking for ar
configure:5615: found /scratchbox/compilers/bin/ar
configure:5626: result: ar
configure:5704: checking for strip
configure:5720: found /scratchbox/compilers/bin/strip
configure:5731: result: strip
configure:5803: checking for ranlib
configure:5819: found /scratchbox/compilers/bin/ranlib
configure:5830: result: ranlib
configure:5920: checking command to parse /scratchbox/compilers/bin/nm -B output from cc object
configure:6038: cc -c -g -Wall -O2 -Wno-error  conftest.c >&5
configure:6041: $? = 0
configure:6045: /scratchbox/compilers/bin/nm -B conftest.o \| sed -n -e 's/^.*[	 ]\([ABCDGIRSTW][ABCDGIRSTW]*\)[	 ][	 ]*\([_A-Za-z][_A-Za-z0-9]*\)$/\1 \2 \2/p' \> conftest.nm
configure:6048: $? = 0
configure:6102: cc -o conftest -g -Wall -O2 -Wno-error  -Wl,-O1 -Wl,--as-needed conftest.c conftstm.o >&5
configure:6105: $? = 0
configure:6143: result: ok
configure:7010: checking how to run the C preprocessor
configure:7050: cc -E  conftest.c
configure:7057: $? = 0
configure:7088: cc -E  conftest.c
conftest.c:10:28: error: ac_nonexistent.h: No such file or directory
configure:7095: $? = 1
configure: failed program was:
| /* confdefs.h.  */
| #define PACKAGE_NAME "GStreamer Ugly Plug-ins"
| #define PACKAGE_TARNAME "gst-plugins-ugly"
| #define PACKAGE_VERSION "0.10.14.2"
| #define PACKAGE_STRING "GStreamer Ugly Plug-ins 0.10.14.2"
| #define PACKAGE_BUGREPORT "http://bugzilla.gnome.org/enter_bug.cgi?product=GStreamer"
| #define PACKAGE "gst-plugins-ugly"
| #define VERSION "0.10.14.2"
| /* end confdefs.h.  */
| #include <ac_nonexistent.h>
configure:7128: result: cc -E
configure:7157: cc -E  conftest.c
configure:7164: $? = 0
configure:7195: cc -E  conftest.c
conftest.c:10:28: error: ac_nonexistent.h: No such file or directory
configure:7202: $? = 1
configure: failed program was:
| /* confdefs.h.  */
| #define PACKAGE_NAME "GStreamer Ugly Plug-ins"
| #define PACKAGE_TARNAME "gst-plugins-ugly"
| #define PACKAGE_VERSION "0.10.14.2"
| #define PACKAGE_STRING "GStreamer Ugly Plug-ins 0.10.14.2"
| #define PACKAGE_BUGREPORT "http://bugzilla.gnome.org/enter_bug.cgi?product=GStreamer"
| #define PACKAGE "gst-plugins-ugly"
| #define VERSION "0.10.14.2"
| /* end confdefs.h.  */
| #include <ac_nonexistent.h>
configure:7242: checking for ANSI C header files
configure:7272: cc -c -g -Wall -O2 -Wno-error  conftest.c >&5
configure:7279: $? = 0
configure:7375: cc -o conftest -g -Wall -O2 -Wno-error  -Wl,-O1 -Wl,--as-needed conftest.c  >&5
configure:7379: $? = 0
configure:7385: ./conftest
configure:7389: $? = 0
configure:7407: result: yes
configure:7431: checking for sys/types.h
configure:7452: cc -c -g -Wall -O2 -Wno-error  conftest.c >&5
configure:7459: $? = 0
configure:7476: result: yes
configure:7431: checking for sys/stat.h
configure:7452: cc -c -g -Wall -O2 -Wno-error  conftest.c >&5
configure:7459: $? = 0
configure:7476: result: yes
configure:7431: checking for stdlib.h
configure:7452: cc -c -g -Wall -O2 -Wno-error  conftest.c >&5
configure:7459: $? = 0
configure:7476: result: yes
configure:7431: checking for string.h
configure:7452: cc -c -g -Wall -O2 -Wno-error  conftest.c >&5
configure:7459: $? = 0
configure:7476: result: yes
configure:7431: checking for memory.h
configure:7452: cc -c -g -Wall -O2 -Wno-error  conftest.c >&5
configure:7459: $? = 0
configure:7476: result: yes
configure:7431: checking for strings.h
configure:7452: cc -c -g -Wall -O2 -Wno-error  conftest.c >&5
configure:7459: $? = 0
configure:7476: result: yes
configure:7431: checking for inttypes.h
configure:7452: cc -c -g -Wall -O2 -Wno-error  conftest.c >&5
configure:7459: $? = 0
configure:7476: result: yes
configure:7431: checking for stdint.h
configure:7452: cc -c -g -Wall -O2 -Wno-error  conftest.c >&5
configure:7459: $? = 0
configure:7476: result: yes
configure:7431: checking for unistd.h
configure:7452: cc -c -g -Wall -O2 -Wno-error  conftest.c >&5
configure:7459: $? = 0
configure:7476: result: yes
configure:7494: checking for dlfcn.h
configure:7515: cc -c -g -Wall -O2 -Wno-error  conftest.c >&5
configure:7522: $? = 0
configure:7539: result: yes
configure:7723: checking for objdir
configure:7738: result: .libs
configure:8034: checking if cc supports -fno-rtti -fno-exceptions
configure:8055: cc -c -g -Wall -O2 -Wno-error  -fno-rtti -fno-exceptions conftest.c >&5
cc1: warning: command line option "-fno-rtti" is valid for C++/ObjC++ but not for C
cc1: warning: command line option "-fno-rtti" is valid for C++/ObjC++ but not for C
configure:8059: $? = 0
configure:8069: result: no
configure:8089: checking for cc option to produce PIC
configure:8346: result: -fPIC -DPIC
configure:8358: checking if cc PIC flag -fPIC -DPIC works
configure:8379: cc -c -g -Wall -O2 -Wno-error  -fPIC -DPIC -DPIC conftest.c >&5
configure:8383: $? = 0
configure:8393: result: yes
configure:8417: checking if cc static flag -static works
configure:8445: result: yes
configure:8460: checking if cc supports -c -o file.o
configure:8484: cc -c -g -Wall -O2 -Wno-error  -o out/conftest2.o conftest.c >&5
configure:8488: $? = 0
configure:8507: result: yes
configure:8515: checking if cc supports -c -o file.o
configure:8562: result: yes
configure:8595: checking whether the cc linker (/scratchbox/compilers/cs2007q3-glibc2.5-i486/i486-pc-linux-gnu/bin/ld) supports shared libraries
configure:9662: result: yes
configure:9699: checking whether -lc should be explicitly linked in
configure:9704: cc -c -g -Wall -O2 -Wno-error  conftest.c >&5
configure:9707: $? = 0
configure:9722: cc -shared conftest.o  -v -Wl,-soname -Wl,conftest -o conftest 2\>\&1 \| /scratchbox/tools/bin/grep  -lc  \>/dev/null 2\>\&1
configure:9725: $? = 0
configure:9737: result: no
configure:9901: checking dynamic linker characteristics
configure:10344: cc -o conftest -g -Wall -O2 -Wno-error  -Wl,-O1 -Wl,--as-needed -Wl,-rpath -Wl,/foo conftest.c  >&5
configure:10351: $? = 0
configure:10596: result: GNU/Linux ld.so
configure:10698: checking how to hardcode library paths into programs
configure:10723: result: immediate
configure:11564: checking whether stripping libraries is possible
configure:11569: result: yes
configure:11604: checking if libtool supports shared libraries
configure:11606: result: yes
configure:11609: checking whether to build shared libraries
configure:11630: result: yes
configure:11633: checking whether to build static libraries
configure:11637: result: yes
configure:11740: checking whether NLS is requested
configure:11749: result: yes
configure:11790: checking for msgfmt
configure: trying /scratchbox/tools/bin/msgfmt...
0 translated messages.
configure:11822: result: /scratchbox/tools/bin/msgfmt
configure:11831: checking for gmsgfmt
configure:11862: result: /scratchbox/tools/bin/msgfmt
configure:11913: checking for xgettext
configure: trying /scratchbox/tools/bin/xgettext...
/scratchbox/tools/bin/xgettext: warning: file `/dev/null' extension `' is unknown; will try C
configure:11945: result: /scratchbox/tools/bin/xgettext
configure:11991: checking for msgmerge
configure: trying /scratchbox/tools/bin/msgmerge...
configure:12022: result: /scratchbox/tools/bin/msgmerge
configure:12079: checking for ld used by GCC
configure:12143: result: /scratchbox/compilers/cs2007q3-glibc2.5-i486/i486-pc-linux-gnu/bin/ld
configure:12152: checking if the linker (/scratchbox/compilers/cs2007q3-glibc2.5-i486/i486-pc-linux-gnu/bin/ld) is GNU ld
configure:12165: result: yes
configure:12172: checking for shared library run path origin
configure:12185: result: done
configure:12686: checking for CFPreferencesCopyAppValue
configure:12714: cc -o conftest -g -Wall -O2 -Wno-error  -Wl,-O1 -Wl,--as-needed conftest.c  -Wl,-framework -Wl,CoreFoundation >&5
conftest.c:22:42: error: CoreFoundation/CFPreferences.h: No such file or directory
conftest.c: In function 'main':
conftest.c:26: warning: implicit declaration of function 'CFPreferencesCopyAppValue'
conftest.c:26: error: 'NULL' undeclared (first use in this function)
conftest.c:26: error: (Each undeclared identifier is reported only once
conftest.c:26: error: for each function it appears in.)
configure:12721: $? = 1
configure: failed program was:
| /* confdefs.h.  */
| #define PACKAGE_NAME "GStreamer Ugly Plug-ins"
| #define PACKAGE_TARNAME "gst-plugins-ugly"
| #define PACKAGE_VERSION "0.10.14.2"
| #define PACKAGE_STRING "GStreamer Ugly Plug-ins 0.10.14.2"
| #define PACKAGE_BUGREPORT "http://bugzilla.gnome.org/enter_bug.cgi?product=GStreamer"
| #define PACKAGE "gst-plugins-ugly"
| #define VERSION "0.10.14.2"
| #define STDC_HEADERS 1
| #define HAVE_SYS_TYPES_H 1
| #define HAVE_SYS_STAT_H 1
| #define HAVE_STDLIB_H 1
| #define HAVE_STRING_H 1
| #define HAVE_MEMORY_H 1
| #define HAVE_STRINGS_H 1
| #define HAVE_INTTYPES_H 1
| #define HAVE_STDINT_H 1
| #define HAVE_UNISTD_H 1
| #define HAVE_DLFCN_H 1
| #define LT_OBJDIR ".libs/"
| /* end confdefs.h.  */
| #include <CoreFoundation/CFPreferences.h>
| int
| main ()
| {
| CFPreferencesCopyAppValue(NULL, NULL)
|   ;
|   return 0;
| }
configure:12742: result: no
configure:12751: checking for CFLocaleCopyCurrent
configure:12779: cc -o conftest -g -Wall -O2 -Wno-error  -Wl,-O1 -Wl,--as-needed conftest.c  -Wl,-framework -Wl,CoreFoundation >&5
conftest.c:22:37: error: CoreFoundation/CFLocale.h: No such file or directory
conftest.c: In function 'main':
conftest.c:26: warning: implicit declaration of function 'CFLocaleCopyCurrent'
configure:12786: $? = 1
configure: failed program was:
| /* confdefs.h.  */
| #define PACKAGE_NAME "GStreamer Ugly Plug-ins"
| #define PACKAGE_TARNAME "gst-plugins-ugly"
| #define PACKAGE_VERSION "0.10.14.2"
| #define PACKAGE_STRING "GStreamer Ugly Plug-ins 0.10.14.2"
| #define PACKAGE_BUGREPORT "http://bugzilla.gnome.org/enter_bug.cgi?product=GStreamer"
| #define PACKAGE "gst-plugins-ugly"
| #define VERSION "0.10.14.2"
| #define STDC_HEADERS 1
| #define HAVE_SYS_TYPES_H 1
| #define HAVE_SYS_STAT_H 1
| #define HAVE_STDLIB_H 1
| #define HAVE_STRING_H 1
| #define HAVE_MEMORY_H 1
| #define HAVE_STRINGS_H 1
| #define HAVE_INTTYPES_H 1
| #define HAVE_STDINT_H 1
| #define HAVE_UNISTD_H 1
| #define HAVE_DLFCN_H 1
| #define LT_OBJDIR ".libs/"
| /* end confdefs.h.  */
| #include <CoreFoundation/CFLocale.h>
| int
| main ()
| {
| CFLocaleCopyCurrent();
|   ;
|   return 0;
| }
configure:12807: result: no
configure:12858: checking for GNU gettext in libc
configure:12888: cc -o conftest -g -Wall -O2 -Wno-error  -Wl,-O1 -Wl,--as-needed conftest.c  >&5
configure:12895: $? = 0
configure:12917: result: yes
configure:13821: checking whether to use NLS
configure:13823: result: yes
configure:13826: checking where the gettext function comes from
configure:13837: result: libc
configure:14028: checking for pkg-config
configure:14046: found /scratchbox/tools/bin/pkg-config
configure:14058: result: /scratchbox/tools/bin/pkg-config
configure:14083: checking pkg-config is at least version 0.9.0
configure:14086: result: yes
configure:14447: Using GStreamer RealMedia Plugins (Maemo) as package name
configure:14475: Using http://maemo.org as package origin
configure:14504: *** checking feature: building of plug-ins with external deps ***
configure:14579: WARNING: all plug-ins with external dependencies will not be built
configure:14606: *** checking feature: building of experimental plug-ins ***
configure:14663: WARNING: building experimental plug-ins
configure:14822: checking whether byte ordering is bigendian
configure:14847: cc -c -g -Wall -O2 -Wno-error  conftest.c >&5
conftest.c:32: error: expected '=', ',', ';', 'asm' or '__attribute__' before 'a'
configure:14854: $? = 1
configure: failed program was:
| /* confdefs.h.  */
| #define PACKAGE_NAME "GStreamer Ugly Plug-ins"
| #define PACKAGE_TARNAME "gst-plugins-ugly"
| #define PACKAGE_VERSION "0.10.14.2"
| #define PACKAGE_STRING "GStreamer Ugly Plug-ins 0.10.14.2"
| #define PACKAGE_BUGREPORT "http://bugzilla.gnome.org/enter_bug.cgi?product=GStreamer"
| #define PACKAGE "gst-plugins-ugly"
| #define VERSION "0.10.14.2"
| #define STDC_HEADERS 1
| #define HAVE_SYS_TYPES_H 1
| #define HAVE_SYS_STAT_H 1
| #define HAVE_STDLIB_H 1
| #define HAVE_STRING_H 1
| #define HAVE_MEMORY_H 1
| #define HAVE_STRINGS_H 1
| #define HAVE_INTTYPES_H 1
| #define HAVE_STDINT_H 1
| #define HAVE_UNISTD_H 1
| #define HAVE_DLFCN_H 1
| #define LT_OBJDIR ".libs/"
| #define ENABLE_NLS 1
| #define HAVE_GETTEXT 1
| #define HAVE_DCGETTEXT 1
| #define GETTEXT_PACKAGE "gst-plugins-ugly-0.10"
| #define LOCALEDIR "/usr/share/locale"
| #define GST_PACKAGE_NAME "GStreamer RealMedia Plugins (Maemo)"
| #define GST_PACKAGE_ORIGIN "http://maemo.org"
| #define HAVE_EXPERIMENTAL /**/
| #define HAVE_CPU_I386 1
| /* end confdefs.h.  */
| #ifndef __APPLE_CC__
| 	       not a universal capable compiler
| 	     #endif
| 	     typedef int dummy;
| 
configure:14902: cc -c -g -Wall -O2 -Wno-error  conftest.c >&5
configure:14909: $? = 0
configure:14941: cc -c -g -Wall -O2 -Wno-error  conftest.c >&5
conftest.c: In function 'main':
conftest.c:38: error: 'not' undeclared (first use in this function)
conftest.c:38: error: (Each undeclared identifier is reported only once
conftest.c:38: error: for each function it appears in.)
conftest.c:38: error: expected ';' before 'big'
configure:14948: $? = 1
configure: failed program was:
| /* confdefs.h.  */
| #define PACKAGE_NAME "GStreamer Ugly Plug-ins"
| #define PACKAGE_TARNAME "gst-plugins-ugly"
| #define PACKAGE_VERSION "0.10.14.2"
| #define PACKAGE_STRING "GStreamer Ugly Plug-ins 0.10.14.2"
| #define PACKAGE_BUGREPORT "http://bugzilla.gnome.org/enter_bug.cgi?product=GStreamer"
| #define PACKAGE "gst-plugins-ugly"
| #define VERSION "0.10.14.2"
| #define STDC_HEADERS 1
| #define HAVE_SYS_TYPES_H 1
| #define HAVE_SYS_STAT_H 1
| #define HAVE_STDLIB_H 1
| #define HAVE_STRING_H 1
| #define HAVE_MEMORY_H 1
| #define HAVE_STRINGS_H 1
| #define HAVE_INTTYPES_H 1
| #define HAVE_STDINT_H 1
| #define HAVE_UNISTD_H 1
| #define HAVE_DLFCN_H 1
| #define LT_OBJDIR ".libs/"
| #define ENABLE_NLS 1
| #define HAVE_GETTEXT 1
| #define HAVE_DCGETTEXT 1
| #define GETTEXT_PACKAGE "gst-plugins-ugly-0.10"
| #define LOCALEDIR "/usr/share/locale"
| #define GST_PACKAGE_NAME "GStreamer RealMedia Plugins (Maemo)"
| #define GST_PACKAGE_ORIGIN "http://maemo.org"
| #define HAVE_EXPERIMENTAL /**/
| #define HAVE_CPU_I386 1
| /* end confdefs.h.  */
| #include <sys/types.h>
| 		#include <sys/param.h>
| 
| int
| main ()
| {
| #if BYTE_ORDER != BIG_ENDIAN
| 		 not big endian
| 		#endif
| 
|   ;
|   return 0;
| }
configure:15200: result: no
configure:15347: checking whether byte ordering is bigendian
configure:15725: result: no
configure:15800: checking for gcc
configure:15827: result: cc
configure:16059: checking for C compiler version
configure:16067: cc --version >&5
sbox-i486-pc-linux-gnu-cc (GCC) 4.2.1
Copyright (C) 2007 Free Software Foundation, Inc.
This is free software; see the source for copying conditions.  There is NO
warranty; not even for MERCHANTABILITY or FITNESS FOR A PARTICULAR PURPOSE.

configure:16071: $? = 0
configure:16078: cc -v >&5
Using built-in specs.
Reading specs from /scratchbox/compilers/cs2007q3-glibc2.5-i486/gcc.specs
rename spec cpp to old_cpp
rename spec cc1 to old_cc1
rename spec cc1plus to old_cc1plus
rename spec link to old_link
rename spec mflib to old_mflib
Target: i486-pc-linux-gnu
Configured with: /home/jhakala/cs2007q3-sb5/i486//src/gcc-4.2/configure --build=i686-pc-linux-gnu --host=i686-pc-linux-gnu --target=i486-pc-linux-gnu --enable-threads --disable-libmudflap --disable-libssp --disable-libgomp --disable-libstdcxx-pch --with-gnu-as --with-gnu-ld --enable-languages=c,c++ --enable-shared --enable-symvers=gnu --enable-__cxa_atexit --disable-nls --prefix=/opt/maemo --with-sysroot=/opt/maemo/i486-pc-linux-gnu/libc --with-build-sysroot=/home/jhakala/cs2007q3-sb5/i486//install/i486-pc-linux-gnu/libc --with-build-time-tools=/home/jhakala/cs2007q3-sb5/i486//install/i486-pc-linux-gnu/bin
Thread model: posix
gcc version 4.2.1
configure:16082: $? = 0
configure:16089: cc -V >&5
sbox-i486-pc-linux-gnu-cc: '-V' must come at the start of the command line
configure:16093: $? = 1
configure:16096: checking whether we are using the GNU C compiler
configure:16149: result: yes
configure:16158: checking whether cc accepts -g
configure:16296: result: yes
configure:16313: checking for cc option to accept ISO C89
configure:16417: result: none needed
configure:16437: checking dependency style of cc
configure:16528: result: none
configure:16656: checking for C++ compiler version
configure:16664: g++ --version >&5
sbox-i486-pc-linux-gnu-g++ (GCC) 4.2.1
Copyright (C) 2007 Free Software Foundation, Inc.
This is free software; see the source for copying conditions.  There is NO
warranty; not even for MERCHANTABILITY or FITNESS FOR A PARTICULAR PURPOSE.

configure:16668: $? = 0
configure:16675: g++ -v >&5
Using built-in specs.
Reading specs from /scratchbox/compilers/cs2007q3-glibc2.5-i486/gcc.specs
rename spec cpp to old_cpp
rename spec cc1 to old_cc1
rename spec cc1plus to old_cc1plus
rename spec link to old_link
rename spec mflib to old_mflib
Target: i486-pc-linux-gnu
Configured with: /home/jhakala/cs2007q3-sb5/i486//src/gcc-4.2/configure --build=i686-pc-linux-gnu --host=i686-pc-linux-gnu --target=i486-pc-linux-gnu --enable-threads --disable-libmudflap --disable-libssp --disable-libgomp --disable-libstdcxx-pch --with-gnu-as --with-gnu-ld --enable-languages=c,c++ --enable-shared --enable-symvers=gnu --enable-__cxa_atexit --disable-nls --prefix=/opt/maemo --with-sysroot=/opt/maemo/i486-pc-linux-gnu/libc --with-build-sysroot=/home/jhakala/cs2007q3-sb5/i486//install/i486-pc-linux-gnu/libc --with-build-time-tools=/home/jhakala/cs2007q3-sb5/i486//install/i486-pc-linux-gnu/bin
Thread model: posix
gcc version 4.2.1
configure:16679: $? = 0
configure:16686: g++ -V >&5
sbox-i486-pc-linux-gnu-g++: argument to '-V' missing

configure:16690: $? = 1
configure:16693: checking whether we are using the GNU C++ compiler
configure:16722: g++ -c -g -Wall -O2 -Wno-error  conftest.cpp >&5
configure:16729: $? = 0
configure:16746: result: yes
configure:16755: checking whether g++ accepts -g
configure:16785: g++ -c -g  conftest.cpp >&5
configure:16792: $? = 0
configure:16893: result: yes
configure:16918: checking dependency style of g++
configure:17009: result: none
configure:17137: checking for C++ compiler version
configure:17145: g++ --version >&5
sbox-i486-pc-linux-gnu-g++ (GCC) 4.2.1
Copyright (C) 2007 Free Software Foundation, Inc.
This is free software; see the source for copying conditions.  There is NO
warranty; not even for MERCHANTABILITY or FITNESS FOR A PARTICULAR PURPOSE.

configure:17149: $? = 0
configure:17156: g++ -v >&5
Using built-in specs.
Reading specs from /scratchbox/compilers/cs2007q3-glibc2.5-i486/gcc.specs
rename spec cpp to old_cpp
rename spec cc1 to old_cc1
rename spec cc1plus to old_cc1plus
rename spec link to old_link
rename spec mflib to old_mflib
Target: i486-pc-linux-gnu
Configured with: /home/jhakala/cs2007q3-sb5/i486//src/gcc-4.2/configure --build=i686-pc-linux-gnu --host=i686-pc-linux-gnu --target=i486-pc-linux-gnu --enable-threads --disable-libmudflap --disable-libssp --disable-libgomp --disable-libstdcxx-pch --with-gnu-as --with-gnu-ld --enable-languages=c,c++ --enable-shared --enable-symvers=gnu --enable-__cxa_atexit --disable-nls --prefix=/opt/maemo --with-sysroot=/opt/maemo/i486-pc-linux-gnu/libc --with-build-sysroot=/home/jhakala/cs2007q3-sb5/i486//install/i486-pc-linux-gnu/libc --with-build-time-tools=/home/jhakala/cs2007q3-sb5/i486//install/i486-pc-linux-gnu/bin
Thread model: posix
gcc version 4.2.1
configure:17160: $? = 0
configure:17167: g++ -V >&5
sbox-i486-pc-linux-gnu-g++: argument to '-V' missing

configure:17171: $? = 1
configure:17174: checking whether we are using the GNU C++ compiler
configure:17227: result: yes
configure:17236: checking whether g++ accepts -g
configure:17374: result: yes
configure:17399: checking dependency style of g++
configure:17490: result: none
configure:17513: checking how to run the C++ preprocessor
configure:17549: g++ -E  conftest.cpp
configure:17556: $? = 0
configure:17587: g++ -E  conftest.cpp
conftest.cpp:32:28: error: ac_nonexistent.h: No such file or directory
configure:17594: $? = 1
configure: failed program was:
| /* confdefs.h.  */
| #define PACKAGE_NAME "GStreamer Ugly Plug-ins"
| #define PACKAGE_TARNAME "gst-plugins-ugly"
| #define PACKAGE_VERSION "0.10.14.2"
| #define PACKAGE_STRING "GStreamer Ugly Plug-ins 0.10.14.2"
| #define PACKAGE_BUGREPORT "http://bugzilla.gnome.org/enter_bug.cgi?product=GStreamer"
| #define PACKAGE "gst-plugins-ugly"
| #define VERSION "0.10.14.2"
| #define STDC_HEADERS 1
| #define HAVE_SYS_TYPES_H 1
| #define HAVE_SYS_STAT_H 1
| #define HAVE_STDLIB_H 1
| #define HAVE_STRING_H 1
| #define HAVE_MEMORY_H 1
| #define HAVE_STRINGS_H 1
| #define HAVE_INTTYPES_H 1
| #define HAVE_STDINT_H 1
| #define HAVE_UNISTD_H 1
| #define HAVE_DLFCN_H 1
| #define LT_OBJDIR ".libs/"
| #define ENABLE_NLS 1
| #define HAVE_GETTEXT 1
| #define HAVE_DCGETTEXT 1
| #define GETTEXT_PACKAGE "gst-plugins-ugly-0.10"
| #define LOCALEDIR "/usr/share/locale"
| #define GST_PACKAGE_NAME "GStreamer RealMedia Plugins (Maemo)"
| #define GST_PACKAGE_ORIGIN "http://maemo.org"
| #define HAVE_EXPERIMENTAL /**/
| #define HAVE_CPU_I386 1
| #define HOST_CPU "i486"
| /* end confdefs.h.  */
| #include <ac_nonexistent.h>
configure:17627: result: g++ -E
configure:17656: g++ -E  conftest.cpp
configure:17663: $? = 0
configure:17694: g++ -E  conftest.cpp
conftest.cpp:32:28: error: ac_nonexistent.h: No such file or directory
configure:17701: $? = 1
configure: failed program was:
| /* confdefs.h.  */
| #define PACKAGE_NAME "GStreamer Ugly Plug-ins"
| #define PACKAGE_TARNAME "gst-plugins-ugly"
| #define PACKAGE_VERSION "0.10.14.2"
| #define PACKAGE_STRING "GStreamer Ugly Plug-ins 0.10.14.2"
| #define PACKAGE_BUGREPORT "http://bugzilla.gnome.org/enter_bug.cgi?product=GStreamer"
| #define PACKAGE "gst-plugins-ugly"
| #define VERSION "0.10.14.2"
| #define STDC_HEADERS 1
| #define HAVE_SYS_TYPES_H 1
| #define HAVE_SYS_STAT_H 1
| #define HAVE_STDLIB_H 1
| #define HAVE_STRING_H 1
| #define HAVE_MEMORY_H 1
| #define HAVE_STRINGS_H 1
| #define HAVE_INTTYPES_H 1
| #define HAVE_STDINT_H 1
| #define HAVE_UNISTD_H 1
| #define HAVE_DLFCN_H 1
| #define LT_OBJDIR ".libs/"
| #define ENABLE_NLS 1
| #define HAVE_GETTEXT 1
| #define HAVE_DCGETTEXT 1
| #define GETTEXT_PACKAGE "gst-plugins-ugly-0.10"
| #define LOCALEDIR "/usr/share/locale"
| #define GST_PACKAGE_NAME "GStreamer RealMedia Plugins (Maemo)"
| #define GST_PACKAGE_ORIGIN "http://maemo.org"
| #define HAVE_EXPERIMENTAL /**/
| #define HAVE_CPU_I386 1
| #define HOST_CPU "i486"
| /* end confdefs.h.  */
| #include <ac_nonexistent.h>
configure:17877: checking for ld used by g++
configure:17944: result: /scratchbox/compilers/cs2007q3-glibc2.5-i486/i486-pc-linux-gnu/bin/ld
configure:17953: checking if the linker (/scratchbox/compilers/cs2007q3-glibc2.5-i486/i486-pc-linux-gnu/bin/ld) is GNU ld
configure:17968: result: yes
configure:18023: checking whether the g++ linker (/scratchbox/compilers/cs2007q3-glibc2.5-i486/i486-pc-linux-gnu/bin/ld) supports shared libraries
configure:18993: result: yes
configure:19021: g++ -c -g -Wall -O2 -Wno-error  conftest.cpp >&5
configure:19024: $? = 0
configure:19206: checking for g++ option to produce PIC
configure:19515: result: -fPIC -DPIC
configure:19524: checking if g++ PIC flag -fPIC -DPIC works
configure:19549: g++ -c -g -Wall -O2 -Wno-error  -fPIC -DPIC -DPIC conftest.cpp >&5
configure:19553: $? = 0
configure:19559: result: yes
configure:19580: checking if g++ static flag -static works
configure:19608: result: yes
configure:19620: checking if g++ supports -c -o file.o
configure:19648: g++ -c -g -Wall -O2 -Wno-error  -o out/conftest2.o conftest.cpp >&5
configure:19652: $? = 0
configure:19667: result: yes
configure:19672: checking if g++ supports -c -o file.o
configure:19719: result: yes
configure:19749: checking whether the g++ linker (/scratchbox/compilers/cs2007q3-glibc2.5-i486/i486-pc-linux-gnu/bin/ld) supports shared libraries
configure:19778: result: yes
configure:19915: checking dynamic linker characteristics
configure:20306: g++ -o conftest -g -Wall -O2 -Wno-error  -Wl,-O1 -Wl,--as-needed -Wl,-rpath -Wl,/foo conftest.cpp  >&5
configure:20313: $? = 0
configure:20558: result: GNU/Linux ld.so
configure:20609: checking how to hardcode library paths into programs
configure:20634: result: immediate
configure:20675: checking for g++
configure:20691: found /scratchbox/compilers/bin/g++
configure:20703: result: yes
configure:20716: checking whether cc understands -c and -o together
configure:20748: cc -c conftest.c -o conftest2.o >&5
configure:20752: $? = 0
configure:20758: cc -c conftest.c -o conftest2.o >&5
configure:20762: $? = 0
configure:20817: result: yes
configure:20846: checking for valgrind
configure:20877: result: no
configure:20896: checking for working do while(0) macros
configure:20927: cc -c -g -Wall -O2 -Wno-error  conftest.c >&5
conftest.c: In function 'main':
conftest.c:40: warning: 'main' is normally a non-static function
configure:20934: $? = 0
configure:20950: result: yes
configure:21069: checking whether to build gtk-doc documentation
configure:21071: result: no
configure:21078: checking for gtkdoc-check
configure:21096: found /usr/bin/gtkdoc-check
configure:21108: result: /usr/bin/gtkdoc-check
configure:21142: Looking for Python version >= 2.1
configure:21160: checking for python
configure:21178: found /scratchbox/tools/bin/python
configure:21190: result: /scratchbox/tools/bin/python
configure:21202: checking "/scratchbox/tools/bin/python":
configure:21204: result: okay
configure:21220: checking local Python configuration
configure:21257: result: looks good
configure:21265: checking whether to build plugin documentation
configure:21272: result: no (gtk-doc disabled or not available)
configure:21433: checking for cos in -lm
configure:21468: cc -o conftest -g -Wall -O2 -Wno-error  -Wl,-O1 -Wl,--as-needed conftest.c -lm   >&5
conftest.c:40: warning: conflicting types for built-in function 'cos'
configure:21475: $? = 0
configure:21496: result: yes
configure:21510: checking for stdint types
configure:21543: cc -c   conftest.c >&5
configure:21550: $? = 0
configure:21629: result: stdint.h (shortcircuit)
configure:24483: result: make use of stdint.h in _stdint.h (assuming C99 compatible system)
configure:24507: checking malloc.h usability
configure:24524: cc -c -g -Wall -O2 -Wno-error  conftest.c >&5
configure:24531: $? = 0
configure:24545: result: yes
configure:24549: checking malloc.h presence
configure:24564: cc -E  conftest.c
configure:24571: $? = 0
configure:24585: result: yes
configure:24618: checking for malloc.h
configure:24627: result: yes
configure:24648: checking whether cc implements __PRETTY_FUNCTION__
configure:24675: cc -o conftest -g -Wall -O2 -Wno-error  -Wl,-O1 -Wl,--as-needed conftest.c  >&5
configure:24682: $? = 0
configure:24704: result: yes
configure:24714: checking whether cc implements __FUNCTION__
configure:24741: cc -o conftest -g -Wall -O2 -Wno-error  -Wl,-O1 -Wl,--as-needed conftest.c  >&5
configure:24748: $? = 0
configure:24770: result: yes
configure:24780: checking whether cc implements __func__
configure:24807: cc -o conftest -g -Wall -O2 -Wno-error  -Wl,-O1 -Wl,--as-needed conftest.c  >&5
configure:24814: $? = 0
configure:24836: result: yes
configure:24883: checking for GLIB
configure:24891: $PKG_CONFIG --exists --print-errors "$which"
configure:24894: $? = 0
configure:24909: $PKG_CONFIG --exists --print-errors "$which"
configure:24912: $? = 0
configure:24972: result: yes
configure:25001: checking for LIBOIL
configure:25009: $PKG_CONFIG --exists --print-errors "liboil-0.3 >= 0.3.8"
configure:25012: $? = 0
configure:25027: $PKG_CONFIG --exists --print-errors "liboil-0.3 >= 0.3.8"
configure:25030: $? = 0
configure:25066: result: yes
configure:25084: checking for GST
configure:25092: $PKG_CONFIG --exists --print-errors "$module >= $minver"
configure:25095: $? = 0
configure:25110: $PKG_CONFIG --exists --print-errors "$module >= $minver"
configure:25113: $? = 0
configure:25177: result: yes
configure:25193: using GStreamer tools in /usr/bin
configure:25205: using GStreamer plug-ins in /usr/lib/gstreamer-0.10
configure:25217: checking for GST_BASE
configure:25225: $PKG_CONFIG --exists --print-errors "$module >= $minver"
configure:25228: $? = 0
configure:25243: $PKG_CONFIG --exists --print-errors "$module >= $minver"
configure:25246: $? = 0
configure:25310: result: yes
configure:25327: checking for GST_CHECK
configure:25335: $PKG_CONFIG --exists --print-errors "$module >= $minver"
configure:25338: $? = 0
configure:25353: $PKG_CONFIG --exists --print-errors "$module >= $minver"
configure:25356: $? = 0
configure:25420: result: yes
configure:25437: checking for GST_PLUGINS_BASE
configure:25445: $PKG_CONFIG --exists --print-errors "$module >= $minver"
configure:25448: $? = 0
configure:25463: $PKG_CONFIG --exists --print-errors "$module >= $minver"
configure:25466: $? = 0
configure:25530: result: yes
configure:25547: using GStreamer Base Plug-ins in /usr/lib/gstreamer-0.10
configure:25610: Using /usr/lib/gstreamer-0.10 as the plugin install location
configure:25623: checking to see if compiler understands -Wall
configure:25650: cc -c -g -Wall -O2 -Wno-error -Wall  conftest.c >&5
configure:25657: $? = 0
configure:25680: result: yes
configure:25685: checking to see if compiler understands -Wdeclaration-after-statement
configure:25712: cc -c -g -Wall -O2 -Wno-error -Wdeclaration-after-statement  conftest.c >&5
configure:25719: $? = 0
configure:25742: result: yes
configure:25747: checking to see if compiler understands -Wvla
configure:25774: cc -c -g -Wall -O2 -Wno-error -Wvla  conftest.c >&5
cc1: error: unrecognized command line option "-Wvla"
configure:25781: $? = 1
configure: failed program was:
| /* confdefs.h.  */
| #define PACKAGE_NAME "GStreamer Ugly Plug-ins"
| #define PACKAGE_TARNAME "gst-plugins-ugly"
| #define PACKAGE_VERSION "0.10.14.2"
| #define PACKAGE_STRING "GStreamer Ugly Plug-ins 0.10.14.2"
| #define PACKAGE_BUGREPORT "http://bugzilla.gnome.org/enter_bug.cgi?product=GStreamer"
| #define PACKAGE "gst-plugins-ugly"
| #define VERSION "0.10.14.2"
| #define STDC_HEADERS 1
| #define HAVE_SYS_TYPES_H 1
| #define HAVE_SYS_STAT_H 1
| #define HAVE_STDLIB_H 1
| #define HAVE_STRING_H 1
| #define HAVE_MEMORY_H 1
| #define HAVE_STRINGS_H 1
| #define HAVE_INTTYPES_H 1
| #define HAVE_STDINT_H 1
| #define HAVE_UNISTD_H 1
| #define HAVE_DLFCN_H 1
| #define LT_OBJDIR ".libs/"
| #define ENABLE_NLS 1
| #define HAVE_GETTEXT 1
| #define HAVE_DCGETTEXT 1
| #define GETTEXT_PACKAGE "gst-plugins-ugly-0.10"
| #define LOCALEDIR "/usr/share/locale"
| #define GST_PACKAGE_NAME "GStreamer RealMedia Plugins (Maemo)"
| #define GST_PACKAGE_ORIGIN "http://maemo.org"
| #define HAVE_EXPERIMENTAL /**/
| #define HAVE_CPU_I386 1
| #define HOST_CPU "i486"
| #define HAVE_DOWHILE_MACROS 1
| #define HAVE_MALLOC_H 1
| #define HAVE_PRETTY_FUNCTION 1
| #define HAVE_FUNCTION 1
| #define HAVE_FUNC 1
| #define GST_FUNCTION __PRETTY_FUNCTION__
| #define GST_LICENSE "LGPL"
| #define PLUGINDIR "/usr/lib/gstreamer-0.10"
| /* end confdefs.h.  */
| 
| int
| main ()
| {
| 
|   ;
|   return 0;
| }
configure:25804: result: no
configure:25809: checking to see if compiler understands -Wpointer-arith
configure:25836: cc -c -g -Wall -O2 -Wno-error -Wpointer-arith  conftest.c >&5
configure:25843: $? = 0
configure:25866: result: yes
configure:25873: checking to see if compiler understands -Werror
configure:25900: cc -c -g -Wall -O2 -Wno-error -Werror  conftest.c >&5
configure:25907: $? = 0
configure:25930: result: yes
configure:26071: $PKG_CONFIG --exists --print-errors "glib-2.0 < 2.19.8"
Requested 'glib-2.0 < 2.19.8' but version of GLib is 2.20.3
configure:26074: $? = 1
configure:26144: set ERROR_CFLAGS to -Wall -Wdeclaration-after-statement -Wpointer-arith -Werror
configure:26151: checking to see if c++ compiler understands 
configure:26185: g++ -c -g -Wall -O2 -Wno-error   conftest.cpp >&5
configure:26192: $? = 0
configure:26223: result: yes
configure:26234: checking to see if c++ compiler understands -Wall
configure:26268: g++ -c -g -Wall -O2 -Wno-error  -Wall conftest.cpp >&5
configure:26275: $? = 0
configure:26310: result: yes
configure:26319: checking to see if c++ compiler understands -Werror
configure:26353: g++ -c -g -Wall -O2 -Wno-error  -Werror conftest.cpp >&5
configure:26360: $? = 0
configure:26391: result: yes
configure:26401: checking to see if c++ compiler understands -Wno-non-virtual-dtor
configure:26435: g++ -c -g -Wall -O2 -Wno-error  -Wno-non-virtual-dtor conftest.cpp >&5
configure:26442: $? = 0
configure:26473: result: yes
configure:26478: $PKG_CONFIG --exists --print-errors "glib-2.0 < 2.19.8"
Requested 'glib-2.0 < 2.19.8' but version of GLib is 2.20.3
configure:26481: $? = 1
configure:26737: set ERROR_CXXFLAGS to -Wall -Werror -Wno-non-virtual-dtor
configure:26790: Using autoaudiosink as default audio sink
configure:26819: Using alsasrc as default audio source
configure:26848: Using autovideosink as default video sink
configure:26877: Using v4l2src as default video source
configure:26906: Using goom as default visualizer
configure:26938: disabling dependency-less plugin asfdemux
configure:26980: disabling dependency-less plugin dvdlpcmdec
configure:27022: disabling dependency-less plugin dvdsub
configure:27064: disabling dependency-less plugin iec958
configure:27106: disabling dependency-less plugin mpegaudioparse
configure:27148: disabling dependency-less plugin mpegstream
configure:27232: disabling dependency-less plugin synaesthesia
configure:31092: checking for sed
configure:31120: result: /scratchbox/tools/bin/sed
configure:31699: creating ./config.status

## ---------------------- ##
## Running config.status. ##
## ---------------------- ##

This file was extended by GStreamer Ugly Plug-ins config.status 0.10.14.2, which was
generated by GNU Autoconf 2.63.  Invocation command line was

  CONFIG_FILES    = 
  CONFIG_HEADERS  = 
  CONFIG_LINKS    = 
  CONFIG_COMMANDS = 
  $ ./config.status 

on zafluendo

config.status:1346: creating Makefile
config.status:1346: creating common/Makefile
config.status:1346: creating common/m4/Makefile
config.status:1346: creating common/shave
config.status:1346: creating common/shave-libtool
config.status:1346: creating gst-libs/Makefile
config.status:1346: creating gst-libs/gst/Makefile
config.status:1346: creating gst/Makefile
config.status:1346: creating gst/asfdemux/Makefile
config.status:1346: creating gst/dvdlpcmdec/Makefile
config.status:1346: creating gst/dvdsub/Makefile
config.status:1346: creating gst/iec958/Makefile
config.status:1346: creating gst/mpegaudioparse/Makefile
config.status:1346: creating gst/mpegstream/Makefile
config.status:1346: creating gst/realmedia/Makefile
config.status:1346: creating gst/synaesthesia/Makefile
config.status:1346: creating ext/Makefile
config.status:1346: creating ext/a52dec/Makefile
config.status:1346: creating ext/amrnb/Makefile
config.status:1346: creating ext/cdio/Makefile
config.status:1346: creating ext/dvdnav/Makefile
config.status:1346: creating ext/dvdread/Makefile
config.status:1346: creating ext/lame/Makefile
config.status:1346: creating ext/mad/Makefile
config.status:1346: creating ext/mpeg2dec/Makefile
config.status:1346: creating ext/sidplay/Makefile
config.status:1346: creating ext/twolame/Makefile
config.status:1346: creating docs/Makefile
config.status:1346: creating docs/plugins/Makefile
config.status:1346: creating docs/version.entities
config.status:1346: creating tests/Makefile
config.status:1346: creating tests/check/Makefile
config.status:1346: creating m4/Makefile
config.status:1346: creating po/Makefile.in
config.status:1346: creating win32/common/config.h
config.status:1346: creating gst-plugins-ugly.spec
config.status:1346: creating config.h
config.status:1620: executing depfiles commands
config.status:1620: executing libtool commands
config.status:1620: executing po-directories commands
config.status:1620: executing _stdint.h commands
config.status:2673: creating _stdint.h : _GST_PLUGINS_UGLY__STDINT_H

## ---------------- ##
## Cache variables. ##
## ---------------- ##

ac_cv_build=i486-pc-linux-gnu
ac_cv_c_bigendian=no
ac_cv_c_compiler_gnu=yes
ac_cv_cxx_compiler_gnu=yes
ac_cv_env_CCC_set=
ac_cv_env_CCC_value=
ac_cv_env_CC_set=set
ac_cv_env_CC_value=cc
ac_cv_env_CDIO_CFLAGS_set=
ac_cv_env_CDIO_CFLAGS_value=
ac_cv_env_CDIO_LIBS_set=
ac_cv_env_CDIO_LIBS_value=
ac_cv_env_CFLAGS_set=set
ac_cv_env_CFLAGS_value='-g -Wall -O2 -Wno-error'
ac_cv_env_CPPFLAGS_set=set
ac_cv_env_CPPFLAGS_value=
ac_cv_env_CPP_set=
ac_cv_env_CPP_value=
ac_cv_env_CXXCPP_set=
ac_cv_env_CXXCPP_value=
ac_cv_env_CXXFLAGS_set=set
ac_cv_env_CXXFLAGS_value='-g -Wall -O2 -Wno-error'
ac_cv_env_CXX_set=set
ac_cv_env_CXX_value=g++
ac_cv_env_GLIB_CFLAGS_set=
ac_cv_env_GLIB_CFLAGS_value=
ac_cv_env_GLIB_LIBS_set=
ac_cv_env_GLIB_LIBS_value=
ac_cv_env_GST_BASE_CFLAGS_set=
ac_cv_env_GST_BASE_CFLAGS_value=
ac_cv_env_GST_BASE_LIBS_set=
ac_cv_env_GST_BASE_LIBS_value=
ac_cv_env_GST_CFLAGS_set=
ac_cv_env_GST_CFLAGS_value=
ac_cv_env_GST_CHECK_CFLAGS_set=
ac_cv_env_GST_CHECK_CFLAGS_value=
ac_cv_env_GST_CHECK_LIBS_set=
ac_cv_env_GST_CHECK_LIBS_value=
ac_cv_env_GST_LIBS_set=
ac_cv_env_GST_LIBS_value=
ac_cv_env_GST_PLUGINS_BASE_CFLAGS_set=
ac_cv_env_GST_PLUGINS_BASE_CFLAGS_value=
ac_cv_env_GST_PLUGINS_BASE_LIBS_set=
ac_cv_env_GST_PLUGINS_BASE_LIBS_value=
ac_cv_env_ID3TAG_CFLAGS_set=
ac_cv_env_ID3TAG_CFLAGS_value=
ac_cv_env_ID3TAG_LIBS_set=
ac_cv_env_ID3TAG_LIBS_value=
ac_cv_env_LDFLAGS_set=set
ac_cv_env_LDFLAGS_value='-Wl,-O1 -Wl,--as-needed'
ac_cv_env_LIBOIL_CFLAGS_set=
ac_cv_env_LIBOIL_CFLAGS_value=
ac_cv_env_LIBOIL_LIBS_set=
ac_cv_env_LIBOIL_LIBS_value=
ac_cv_env_LIBS_set=
ac_cv_env_LIBS_value=
ac_cv_env_MAD_CFLAGS_set=
ac_cv_env_MAD_CFLAGS_value=
ac_cv_env_MAD_LIBS_set=
ac_cv_env_MAD_LIBS_value=
ac_cv_env_MPEG2DEC_CFLAGS_set=
ac_cv_env_MPEG2DEC_CFLAGS_value=
ac_cv_env_MPEG2DEC_LIBS_set=
ac_cv_env_MPEG2DEC_LIBS_value=
ac_cv_env_PKG_CONFIG_set=
ac_cv_env_PKG_CONFIG_value=
ac_cv_env_TWOLAME_CFLAGS_set=
ac_cv_env_TWOLAME_CFLAGS_value=
ac_cv_env_TWOLAME_LIBS_set=
ac_cv_env_TWOLAME_LIBS_value=
ac_cv_env_VALGRIND_CFLAGS_set=
ac_cv_env_VALGRIND_CFLAGS_value=
ac_cv_env_VALGRIND_LIBS_set=
ac_cv_env_VALGRIND_LIBS_value=
ac_cv_env_build_alias_set=set
ac_cv_env_build_alias_value=i486-linux-gnu
ac_cv_env_host_alias_set=
ac_cv_env_host_alias_value=
ac_cv_env_target_alias_set=
ac_cv_env_target_alias_value=
ac_cv_header_dlfcn_h=yes
ac_cv_header_inttypes_h=yes
ac_cv_header_malloc_h=yes
ac_cv_header_memory_h=yes
ac_cv_header_stdc=yes
ac_cv_header_stdint=stdint.h
ac_cv_header_stdint_h=yes
ac_cv_header_stdint_t=stdint.h
ac_cv_header_stdlib_h=yes
ac_cv_header_string_h=yes
ac_cv_header_strings_h=yes
ac_cv_header_sys_stat_h=yes
ac_cv_header_sys_types_h=yes
ac_cv_header_unistd_h=yes
ac_cv_host=i486-pc-linux-gnu
ac_cv_lib_m_cos=yes
ac_cv_objext=o
ac_cv_path_EGREP='/scratchbox/tools/bin/grep -E'
ac_cv_path_FGREP='/scratchbox/tools/bin/grep -F'
ac_cv_path_GMSGFMT=/scratchbox/tools/bin/msgfmt
ac_cv_path_GREP=/scratchbox/tools/bin/grep
ac_cv_path_GTKDOC_CHECK=/usr/bin/gtkdoc-check
ac_cv_path_MSGFMT=/scratchbox/tools/bin/msgfmt
ac_cv_path_MSGMERGE=/scratchbox/tools/bin/msgmerge
ac_cv_path_PYTHON=/scratchbox/tools/bin/python
ac_cv_path_SED=/scratchbox/tools/bin/sed
ac_cv_path_VALGRIND_PATH=no
ac_cv_path_XGETTEXT=/scratchbox/tools/bin/xgettext
ac_cv_path_ac_pt_PKG_CONFIG=/scratchbox/tools/bin/pkg-config
ac_cv_path_install='/scratchbox/tools/bin/install -c'
ac_cv_path_mkdir=/scratchbox/tools/bin/mkdir
ac_cv_prog_AWK=gawk
ac_cv_prog_CPP='cc -E'
ac_cv_prog_CXXCPP='g++ -E'
ac_cv_prog_HAVE_CXX=yes
ac_cv_prog_SED=/scratchbox/tools/bin/sed
ac_cv_prog_ac_ct_AR=ar
ac_cv_prog_ac_ct_CC=cc
ac_cv_prog_ac_ct_RANLIB=ranlib
ac_cv_prog_ac_ct_STRIP=strip
ac_cv_prog_cc_c89=
ac_cv_prog_cc_cc_c_o=yes
ac_cv_prog_cc_g=yes
ac_cv_prog_cxx_g=yes
ac_cv_prog_make_make_set=yes
ac_cv_stdint_message='using gnu compiler sbox-i486-pc-linux-gnu-cc (GCC) 4.2.1'
ac_cv_stdint_result='(assuming C99 compatible system)'
acl_cv_hardcode_direct=no
acl_cv_hardcode_libdir_flag_spec='${wl}-rpath ${wl}$libdir'
acl_cv_hardcode_libdir_separator=
acl_cv_hardcode_minus_L=no
acl_cv_libext=a
acl_cv_libname_spec='lib$name'
acl_cv_library_names_spec='$libname$shrext'
acl_cv_path_LD=/scratchbox/compilers/cs2007q3-glibc2.5-i486/i486-pc-linux-gnu/bin/ld
acl_cv_prog_gnu_ld=yes
acl_cv_rpath=done
acl_cv_shlibext=so
acl_cv_wl=-Wl,
am_cv_CC_dependencies_compiler_type=none
am_cv_CXX_dependencies_compiler_type=none
gst_cv_have_func=yes
gst_cv_have_function=yes
gst_cv_have_pretty_function=yes
gt_cv_func_CFLocaleCopyCurrent=no
gt_cv_func_CFPreferencesCopyAppValue=no
gt_cv_func_gnugettext1_libc=yes
lt_cv_deplibs_check_method=pass_all
lt_cv_file_magic_cmd='$MAGIC_CMD'
lt_cv_file_magic_test_file=
lt_cv_ld_reload_flag=-r
lt_cv_nm_interface='BSD nm'
lt_cv_objdir=.libs
lt_cv_path_LD=/scratchbox/compilers/cs2007q3-glibc2.5-i486/i486-pc-linux-gnu/bin/ld
lt_cv_path_LDCXX=/scratchbox/compilers/cs2007q3-glibc2.5-i486/i486-pc-linux-gnu/bin/ld
lt_cv_path_NM='/scratchbox/compilers/bin/nm -B'
lt_cv_prog_compiler_c_o=yes
lt_cv_prog_compiler_c_o_CXX=yes
lt_cv_prog_compiler_pic_works=yes
lt_cv_prog_compiler_pic_works_CXX=yes
lt_cv_prog_compiler_rtti_exceptions=no
lt_cv_prog_compiler_static_works=yes
lt_cv_prog_compiler_static_works_CXX=yes
lt_cv_prog_gnu_ld=yes
lt_cv_prog_gnu_ldcxx=yes
lt_cv_sys_global_symbol_pipe='sed -n -e '\''s/^.*[	 ]\([ABCDGIRSTW][ABCDGIRSTW]*\)[	 ][	 ]*\([_A-Za-z][_A-Za-z0-9]*\)$/\1 \2 \2/p'\'''
lt_cv_sys_global_symbol_to_c_name_address='sed -n -e '\''s/^: \([^ ]*\) $/  {\"\1\", (void *) 0},/p'\'' -e '\''s/^[ABCDGIRSTW]* \([^ ]*\) \([^ ]*\)$/  {"\2", (void *) \&\2},/p'\'''
lt_cv_sys_global_symbol_to_c_name_address_lib_prefix='sed -n -e '\''s/^: \([^ ]*\) $/  {\"\1\", (void *) 0},/p'\'' -e '\''s/^[ABCDGIRSTW]* \([^ ]*\) \(lib[^ ]*\)$/  {"\2", (void *) \&\2},/p'\'' -e '\''s/^[ABCDGIRSTW]* \([^ ]*\) \([^ ]*\)$/  {"lib\2", (void *) \&\2},/p'\'''
lt_cv_sys_global_symbol_to_cdecl='sed -n -e '\''s/^T .* \(.*\)$/extern int \1();/p'\'' -e '\''s/^[ABCDGIRSTW]* .* \(.*\)$/extern char \1;/p'\'''
lt_cv_sys_max_cmd_len=98304
pkg_cv_GLIB_CFLAGS='-pthread -I/usr/include/glib-2.0 -I/usr/lib/glib-2.0/include  '
pkg_cv_GLIB_LIBS='-pthread -lgobject-2.0 -lgthread-2.0 -lrt -lgmodule-2.0 -lglib-2.0  '
pkg_cv_GST_BASE_CFLAGS='-pthread -I/usr/include/gstreamer-0.10 -I/usr/include/glib-2.0 -I/usr/lib/glib-2.0/include -I/usr/include/libxml2  '
pkg_cv_GST_BASE_LIBS='-pthread -lgstbase-0.10 -lgstreamer-0.10 -lgobject-2.0 -lgmodule-2.0 -lgthread-2.0 -lrt -lxml2 -lglib-2.0  '
pkg_cv_GST_CFLAGS='-pthread -I/usr/include/gstreamer-0.10 -I/usr/include/glib-2.0 -I/usr/lib/glib-2.0/include -I/usr/include/libxml2  '
pkg_cv_GST_CHECK_CFLAGS='-pthread -I/usr/include/gstreamer-0.10 -I/usr/include/glib-2.0 -I/usr/lib/glib-2.0/include -I/usr/include/libxml2  '
pkg_cv_GST_CHECK_LIBS='-pthread -lgstcheck-0.10 -lm -lgstreamer-0.10 -lgobject-2.0 -lgmodule-2.0 -lgthread-2.0 -lrt -lxml2 -lglib-2.0  '
pkg_cv_GST_LIBS='-pthread -lgstreamer-0.10 -lgobject-2.0 -lgmodule-2.0 -lgthread-2.0 -lrt -lxml2 -lglib-2.0  '
pkg_cv_GST_PLUGINS_BASE_CFLAGS='-pthread -I/usr/include/gstreamer-0.10 -I/usr/include/glib-2.0 -I/usr/lib/glib-2.0/include -I/usr/include/libxml2  '
pkg_cv_GST_PLUGINS_BASE_LIBS='-pthread -lgstreamer-0.10 -lgobject-2.0 -lgmodule-2.0 -lgthread-2.0 -lrt -lxml2 -lglib-2.0  '
pkg_cv_LIBOIL_CFLAGS='-I/usr/include/liboil-0.3  '
pkg_cv_LIBOIL_LIBS='-loil-0.3 -lm -lrt  '

## ----------------- ##
## Output variables. ##
## ----------------- ##

A52DEC_CFLAGS=''
A52DEC_LIBS=''
ACLOCAL='${SHELL} /home/zaheer/gst-plugins-ugly0.10-rm-0.10.10.2-1maemo2/missing --run aclocal-1.10'
ACLOCAL_AMFLAGS='-I m4 -I common/m4'
AMDEPBACKSLASH=''
AMDEP_FALSE=''
AMDEP_TRUE='#'
AMRNB_LIBS=''
AMTAR='${SHELL} /home/zaheer/gst-plugins-ugly0.10-rm-0.10.10.2-1maemo2/missing --run tar'
AM_MAKEFLAGS='`test -z $V && echo -s`'
AR='ar'
AS='as'
AUTOCONF='${SHELL} /home/zaheer/gst-plugins-ugly0.10-rm-0.10.10.2-1maemo2/missing --run autoconf'
AUTOHEADER='${SHELL} /home/zaheer/gst-plugins-ugly0.10-rm-0.10.10.2-1maemo2/missing --run autoheader'
AUTOMAKE='${SHELL} /home/zaheer/gst-plugins-ugly0.10-rm-0.10.10.2-1maemo2/missing --run automake-1.10'
AWK='gawk'
BUILD_EXAMPLES_FALSE=''
BUILD_EXAMPLES_TRUE='#'
BUILD_EXPERIMENTAL_FALSE='#'
BUILD_EXPERIMENTAL_TRUE=''
BUILD_EXTERNAL_FALSE=''
BUILD_EXTERNAL_TRUE='#'
CC='/bin/sh /home/zaheer/gst-plugins-ugly0.10-rm-0.10.10.2-1maemo2/common/shave cc cc'
CCASFLAGS=''
CCDEPMODE='depmode=none'
CDIO_CFLAGS=''
CDIO_LIBS=''
CFLAGS='-g -Wall -O2 -Wno-error'
CPP='cc -E'
CPPFLAGS=''
CXX='/bin/sh /home/zaheer/gst-plugins-ugly0.10-rm-0.10.10.2-1maemo2/common/shave cxx g++'
CXXCPP='g++ -E'
CXXDEPMODE='depmode=none'
CXXFLAGS='-g -Wall -O2 -Wno-error'
CYGPATH_W='echo'
DEFAULT_AUDIOSINK='autoaudiosink'
DEFAULT_AUDIOSRC='alsasrc'
DEFAULT_VIDEOSINK='autovideosink'
DEFAULT_VIDEOSRC='v4l2src'
DEFAULT_VISUALIZER='goom'
DEFS='-DHAVE_CONFIG_H'
DEPDIR='.deps'
DEPRECATED_CFLAGS=''
DLLTOOL='dlltool'
DSYMUTIL=''
DUMPBIN=''
DVDNAV_CFLAGS=''
DVDNAV_CONFIG=''
DVDNAV_LIBS=''
DVDREAD_LIBS=''
ECHO_C=''
ECHO_N='-n'
ECHO_T=''
EGREP='/scratchbox/tools/bin/grep -E'
ENABLE_GTK_DOC_FALSE=''
ENABLE_GTK_DOC_TRUE='#'
ENABLE_PLUGIN_DOCS_FALSE=''
ENABLE_PLUGIN_DOCS_TRUE='#'
ERROR_CFLAGS='-Wall -Wdeclaration-after-statement -Wpointer-arith -Werror'
ERROR_CXXFLAGS='-Wall -Werror -Wno-non-virtual-dtor'
EXEEXT=''
F77='/bin/sh /home/zaheer/gst-plugins-ugly0.10-rm-0.10.10.2-1maemo2/common/shave f77 '
FC='/bin/sh /home/zaheer/gst-plugins-ugly0.10-rm-0.10.10.2-1maemo2/common/shave fc '
FFLAGS=''
FGREP='/scratchbox/tools/bin/grep -F'
GCOV=''
GCOV_CFLAGS=''
GCOV_LIBS=''
GETTEXT_MACRO_VERSION='0.17'
GETTEXT_PACKAGE='gst-plugins-ugly-0.10'
GLIB_CFLAGS='-pthread -I/usr/include/glib-2.0 -I/usr/lib/glib-2.0/include'
GLIB_LIBS='-pthread -lgobject-2.0 -lgthread-2.0 -lrt -lgmodule-2.0 -lglib-2.0  '
GLIB_PREFIX='/usr'
GLIB_REQ='2.12'
GMSGFMT='/scratchbox/tools/bin/msgfmt'
GMSGFMT_015='/scratchbox/tools/bin/msgfmt'
GREP='/scratchbox/tools/bin/grep'
GSTPB_PLUGINS_DIR='/usr/lib/gstreamer-0.10'
GSTPB_PREFIX='/usr'
GST_ALL_LDFLAGS='-no-undefined'
GST_BASE_CFLAGS='-pthread -I/usr/include/gstreamer-0.10 -I/usr/include/glib-2.0 -I/usr/lib/glib-2.0/include -I/usr/include/libxml2  '
GST_BASE_LIBS='-pthread -lgstbase-0.10 -lgstreamer-0.10 -lgobject-2.0 -lgmodule-2.0 -lgthread-2.0 -lrt -lxml2 -lglib-2.0  '
GST_CFLAGS='-I$(top_srcdir)/gst-libs -I$(top_builddir)/gst-libs -pthread -I/usr/include/gstreamer-0.10 -I/usr/include/glib-2.0 -I/usr/lib/glib-2.0/include -I/usr/include/libxml2   $(GST_OPTION_CFLAGS)'
GST_CHECK_CFLAGS='-pthread -I/usr/include/gstreamer-0.10 -I/usr/include/glib-2.0 -I/usr/lib/glib-2.0/include -I/usr/include/libxml2  '
GST_CHECK_LIBS='-pthread -lgstcheck-0.10 -lm -lgstreamer-0.10 -lgobject-2.0 -lgmodule-2.0 -lgthread-2.0 -lrt -lxml2 -lglib-2.0  '
GST_CXXFLAGS='-I$(top_srcdir)/gst-libs -I$(top_builddir)/gst-libs  $(GST_OPTION_CXXFLAGS)'
GST_GCOV_ENABLED_FALSE=''
GST_GCOV_ENABLED_TRUE='#'
GST_LEVEL_DEFAULT='GST_LEVEL_ERROR'
GST_LIBS='-pthread -lgstreamer-0.10 -lgobject-2.0 -lgmodule-2.0 -lgthread-2.0 -lrt -lxml2 -lglib-2.0  '
GST_LICENSE='LGPL'
GST_MAJORMINOR='0.10'
GST_OPTION_CFLAGS='$(ERROR_CFLAGS) $(DEBUG_CFLAGS) $(PROFILE_CFLAGS) $(GCOV_CFLAGS) $(OPT_CFLAGS) $(DEPRECATED_CFLAGS)'
GST_OPTION_CXXFLAGS='$(ERROR_CXXFLAGS) $(DEBUG_CFLAGS) $(PROFILE_CFLAGS) $(GCOV_CFLAGS) $(OPT_CFLAGS) $(DEPRECATED_CFLAGS)'
GST_PACKAGE_NAME='GStreamer RealMedia Plugins (Maemo)'
GST_PACKAGE_ORIGIN='http://maemo.org'
GST_PLUGINS_ALL=' asfdemux dvdlpcmdec dvdsub iec958 mpegaudioparse mpegstream realmedia synaesthesia'
GST_PLUGINS_BASE_CFLAGS='-pthread -I/usr/include/gstreamer-0.10 -I/usr/include/glib-2.0 -I/usr/lib/glib-2.0/include -I/usr/include/libxml2  '
GST_PLUGINS_BASE_LIBS='-pthread -lgstreamer-0.10 -lgobject-2.0 -lgmodule-2.0 -lgthread-2.0 -lrt -lxml2 -lglib-2.0  '
GST_PLUGINS_DIR='/usr/lib/gstreamer-0.10'
GST_PLUGINS_SELECTED='              realmedia '
GST_PLUGIN_LDFLAGS='-module -avoid-version -export-symbols-regex '\''^_*gst_plugin_desc$$'\'' -no-undefined'
GST_PREFIX='/usr'
GST_TOOLS_DIR='/usr/bin'
GTKDOC_CHECK='/usr/bin/gtkdoc-check'
GTK_DOC_USE_LIBTOOL_FALSE='#'
GTK_DOC_USE_LIBTOOL_TRUE=''
HAVE_AMRNB=''
HAVE_CPU_ALPHA_FALSE=''
HAVE_CPU_ALPHA_TRUE='#'
HAVE_CPU_ARM_FALSE=''
HAVE_CPU_ARM_TRUE='#'
HAVE_CPU_CRISV32_FALSE=''
HAVE_CPU_CRISV32_TRUE='#'
HAVE_CPU_CRIS_FALSE=''
HAVE_CPU_CRIS_TRUE='#'
HAVE_CPU_HPPA_FALSE=''
HAVE_CPU_HPPA_TRUE='#'
HAVE_CPU_I386_FALSE='#'
HAVE_CPU_I386_TRUE=''
HAVE_CPU_IA64_FALSE=''
HAVE_CPU_IA64_TRUE='#'
HAVE_CPU_M68K_FALSE=''
HAVE_CPU_M68K_TRUE='#'
HAVE_CPU_MIPS_FALSE=''
HAVE_CPU_MIPS_TRUE='#'
HAVE_CPU_PPC64_FALSE=''
HAVE_CPU_PPC64_TRUE='#'
HAVE_CPU_PPC_FALSE=''
HAVE_CPU_PPC_TRUE='#'
HAVE_CPU_S390_FALSE=''
HAVE_CPU_S390_TRUE='#'
HAVE_CPU_SPARC_FALSE=''
HAVE_CPU_SPARC_TRUE='#'
HAVE_CPU_X86_64_FALSE=''
HAVE_CPU_X86_64_TRUE='#'
HAVE_CXX='yes'
HAVE_DVDREAD=''
HAVE_GST_CHECK_FALSE='#'
HAVE_GST_CHECK_TRUE=''
HAVE_LAME=''
HAVE_VALGRIND_FALSE=''
HAVE_VALGRIND_TRUE='#'
HTML_DIR='${datadir}/gtk-doc/html'
ID3TAG_CFLAGS=''
ID3TAG_LIBS=''
INSTALL_DATA='${INSTALL} -m 644'
INSTALL_PROGRAM='${INSTALL}'
INSTALL_SCRIPT='${INSTALL}'
INSTALL_STRIP_PROGRAM='$(install_sh) -c -s'
INTLLIBS=''
INTL_MACOSX_LIBS=''
LAME_CFLAGS=''
LAME_LIBS=''
LD='/scratchbox/compilers/cs2007q3-glibc2.5-i486/i486-pc-linux-gnu/bin/ld'
LDFLAGS='-Wl,-O1 -Wl,--as-needed'
LIBICONV='-liconv'
LIBINTL=''
LIBM='-lm'
LIBOBJS=''
LIBOIL_CFLAGS='-I/usr/include/liboil-0.3  '
LIBOIL_LIBS='-loil-0.3 -lm -lrt  '
LIBS=''
LIBTOOL='/bin/sh /home/zaheer/gst-plugins-ugly0.10-rm-0.10.10.2-1maemo2/common/shave-libtool '\''$(SHELL) $(top_builddir)/libtool'\'''
LIPO=''
LN_S='ln -s'
LOCALEDIR='/usr/share/locale'
LTLIBICONV='-liconv'
LTLIBINTL=''
LTLIBOBJS=''
MAD_CFLAGS=''
MAD_LIBS=''
MAINT='#'
MAINTAINER_MODE_FALSE=''
MAINTAINER_MODE_TRUE='#'
MAKEFLAGS='-s'
MAKEINFO='${SHELL} /home/zaheer/gst-plugins-ugly0.10-rm-0.10.10.2-1maemo2/missing --run makeinfo'
MKDIR_P='/scratchbox/tools/bin/mkdir -p'
MPEG2DEC_CFLAGS=''
MPEG2DEC_LIBS=''
MSGFMT='/scratchbox/tools/bin/msgfmt'
MSGFMT_015='/scratchbox/tools/bin/msgfmt'
MSGMERGE='/scratchbox/tools/bin/msgmerge'
NM='/scratchbox/compilers/bin/nm -B'
NMEDIT=''
OBJC='/bin/sh /home/zaheer/gst-plugins-ugly0.10-rm-0.10.10.2-1maemo2/common/shave objc '
OBJDUMP='objdump'
OBJEXT='o'
OTOOL64=''
OTOOL=''
PACKAGE='gst-plugins-ugly'
PACKAGE_BUGREPORT='http://bugzilla.gnome.org/enter_bug.cgi?product=GStreamer'
PACKAGE_NAME='GStreamer Ugly Plug-ins'
PACKAGE_STRING='GStreamer Ugly Plug-ins 0.10.14.2'
PACKAGE_TARNAME='gst-plugins-ugly'
PACKAGE_VERSION='0.10.14.2'
PACKAGE_VERSION_MAJOR='0'
PACKAGE_VERSION_MICRO='14'
PACKAGE_VERSION_MINOR='10'
PACKAGE_VERSION_NANO='2'
PACKAGE_VERSION_RELEASE='0.20100601.110657'
PATH_SEPARATOR=':'
PKG_CONFIG='/scratchbox/tools/bin/pkg-config'
PLUGINDIR='/usr/lib/gstreamer-0.10'
POSUB='po'
PROFILE_CFLAGS=''
PYTHON='/scratchbox/tools/bin/python'
PYTHON_EXEC_PREFIX='${exec_prefix}'
PYTHON_PLATFORM='linux2'
PYTHON_PREFIX='${prefix}'
PYTHON_VERSION='2.3'
Q='$(V:1=)'
RANLIB='ranlib'
SED='/scratchbox/tools/bin/sed'
SET_MAKE=''
SHELL='/bin/sh'
SIDPLAY_CFLAGS=''
SIDPLAY_LIBS=''
STRIP='strip'
TWOLAME_CFLAGS=''
TWOLAME_LIBS=''
USE_A52DEC_FALSE=''
USE_A52DEC_TRUE='#'
USE_AMRNB_FALSE=''
USE_AMRNB_TRUE='#'
USE_CDIO_FALSE=''
USE_CDIO_TRUE='#'
USE_DVDNAV_FALSE=''
USE_DVDNAV_TRUE='#'
USE_DVDREAD_FALSE=''
USE_DVDREAD_TRUE='#'
USE_EXPERIMENTAL_FALSE='#'
USE_EXPERIMENTAL_TRUE=''
USE_EXTERNAL_FALSE=''
USE_EXTERNAL_TRUE='#'
USE_ID3TAG_FALSE=''
USE_ID3TAG_TRUE='#'
USE_LAME_FALSE=''
USE_LAME_TRUE='#'
USE_MAD_FALSE=''
USE_MAD_TRUE='#'
USE_MPEG2DEC_FALSE=''
USE_MPEG2DEC_TRUE='#'
USE_NLS='yes'
USE_PLUGIN_ASFDEMUX_FALSE=''
USE_PLUGIN_ASFDEMUX_TRUE='#'
USE_PLUGIN_DVDLPCMDEC_FALSE=''
USE_PLUGIN_DVDLPCMDEC_TRUE='#'
USE_PLUGIN_DVDSUB_FALSE=''
USE_PLUGIN_DVDSUB_TRUE='#'
USE_PLUGIN_IEC958_FALSE=''
USE_PLUGIN_IEC958_TRUE='#'
USE_PLUGIN_MPEGAUDIOPARSE_FALSE=''
USE_PLUGIN_MPEGAUDIOPARSE_TRUE='#'
USE_PLUGIN_MPEGSTREAM_FALSE=''
USE_PLUGIN_MPEGSTREAM_TRUE='#'
USE_PLUGIN_REALMEDIA_FALSE='#'
USE_PLUGIN_REALMEDIA_TRUE=''
USE_PLUGIN_SYNAESTHESIA_FALSE=''
USE_PLUGIN_SYNAESTHESIA_TRUE='#'
USE_SIDPLAY_FALSE=''
USE_SIDPLAY_TRUE='#'
USE_TWOLAME_FALSE=''
USE_TWOLAME_TRUE='#'
V='@'
VALGRIND_CFLAGS=''
VALGRIND_LIBS=''
VALGRIND_PATH='no'
VERSION='0.10.14.2'
XGETTEXT='/scratchbox/tools/bin/xgettext'
XGETTEXT_015='/scratchbox/tools/bin/xgettext'
XGETTEXT_EXTRA_OPTIONS=''
ac_ct_CC='cc'
ac_ct_CXX=''
ac_ct_DUMPBIN=''
am__fastdepCC_FALSE=''
am__fastdepCC_TRUE='#'
am__fastdepCXX_FALSE=''
am__fastdepCXX_TRUE='#'
am__include='include'
am__isrc=''
am__leading_dot='.'
am__quote=''
am__tar='${AMTAR} chof - "$$tardir"'
am__untar='${AMTAR} xf -'
bindir='${exec_prefix}/bin'
build='i486-pc-linux-gnu'
build_alias='i486-linux-gnu'
build_cpu='i486'
build_os='linux-gnu'
build_vendor='pc'
datadir='${datarootdir}'
datarootdir='${prefix}/share'
docdir='${datarootdir}/doc/${PACKAGE_TARNAME}'
dvidir='${docdir}'
exec_prefix='${prefix}'
host='i486-pc-linux-gnu'
host_alias=''
host_cpu='i486'
host_os='linux-gnu'
host_vendor='pc'
htmldir='${docdir}'
includedir='${prefix}/include'
infodir='${prefix}/share/info'
install_sh='$(SHELL) /home/zaheer/gst-plugins-ugly0.10-rm-0.10.10.2-1maemo2/install-sh'
libdir='${exec_prefix}/lib'
libexecdir='${prefix}/lib/gst-plugins-ugly0.10-rm'
localedir='${datarootdir}/locale'
localstatedir='/var'
lt_ECHO='echo'
mandir='${prefix}/share/man'
mkdir_p='/scratchbox/tools/bin/mkdir -p'
oldincludedir='/usr/include'
pdfdir='${docdir}'
pkgpyexecdir='${pyexecdir}/gst-plugins-ugly'
pkgpythondir='${pythondir}/gst-plugins-ugly'
plugindir='$(libdir)/gstreamer-0.10'
prefix='/usr'
program_transform_name='s,x,x,'
psdir='${docdir}'
pyexecdir='${exec_prefix}/lib/python2.3/site-packages'
pythondir='${prefix}/lib/python2.3/site-packages'
sbindir='${exec_prefix}/sbin'
sharedstatedir='${prefix}/com'
shavedir='/home/zaheer/gst-plugins-ugly0.10-rm-0.10.10.2-1maemo2/common'
sysconfdir='/etc'
target_alias=''

## ----------- ##
## confdefs.h. ##
## ----------- ##

#define PACKAGE_NAME "GStreamer Ugly Plug-ins"
#define PACKAGE_TARNAME "gst-plugins-ugly"
#define PACKAGE_VERSION "0.10.14.2"
#define PACKAGE_STRING "GStreamer Ugly Plug-ins 0.10.14.2"
#define PACKAGE_BUGREPORT "http://bugzilla.gnome.org/enter_bug.cgi?product=GStreamer"
#define PACKAGE "gst-plugins-ugly"
#define VERSION "0.10.14.2"
#define STDC_HEADERS 1
#define HAVE_SYS_TYPES_H 1
#define HAVE_SYS_STAT_H 1
#define HAVE_STDLIB_H 1
#define HAVE_STRING_H 1
#define HAVE_MEMORY_H 1
#define HAVE_STRINGS_H 1
#define HAVE_INTTYPES_H 1
#define HAVE_STDINT_H 1
#define HAVE_UNISTD_H 1
#define HAVE_DLFCN_H 1
#define LT_OBJDIR ".libs/"
#define ENABLE_NLS 1
#define HAVE_GETTEXT 1
#define HAVE_DCGETTEXT 1
#define GETTEXT_PACKAGE "gst-plugins-ugly-0.10"
#define LOCALEDIR "/usr/share/locale"
#define GST_PACKAGE_NAME "GStreamer RealMedia Plugins (Maemo)"
#define GST_PACKAGE_ORIGIN "http://maemo.org"
#define HAVE_EXPERIMENTAL /**/
#define HAVE_CPU_I386 1
#define HOST_CPU "i486"
#define HAVE_DOWHILE_MACROS 1
#define HAVE_MALLOC_H 1
#define HAVE_PRETTY_FUNCTION 1
#define HAVE_FUNCTION 1
#define HAVE_FUNC 1
#define GST_FUNCTION __PRETTY_FUNCTION__
#define GST_LICENSE "LGPL"
#define PLUGINDIR "/usr/lib/gstreamer-0.10"
#define GST_LEVEL_DEFAULT GST_LEVEL_ERROR
#define DEFAULT_AUDIOSINK "autoaudiosink"
#define DEFAULT_AUDIOSRC "alsasrc"
#define DEFAULT_VIDEOSINK "autovideosink"
#define DEFAULT_VIDEOSRC "v4l2src"
#define DEFAULT_VISUALIZER "goom"

configure: exit 0
