This file contains any messages produced by compilers while
running configure, to aid debugging if configure makes a mistake.

It was created by GStreamer FFMpeg configure 0.10.9, which was
generated by GNU Autoconf 2.63.  Invocation command line was

  $ /home/zaheer/MyDocs/gst-ffmpeg-0.10.9/./configure --build=i486-linux-gnu --prefix=/usr --includedir=${prefix}/include --mandir=${prefix}/share/man --infodir=${prefix}/share/info --sysconfdir=/etc --localstatedir=/var --libexecdir=${prefix}/lib/gstreamer0.10-ffmpeg --disable-maintainer-mode --disable-dependency-tracking --srcdir=. --with-package-name=GStreamer FFMPEG Plugins (Maemo) --with-package-origin=https://garage.maemo.org

## --------- ##
## Platform. ##
## --------- ##

hostname = zafluendo
uname -m = i486
uname -r = 2.6.29.6-217.2.3.fc11.i686.PAE
uname -s = Linux
uname -v = #1 SMP Wed Jul 29 16:05:22 EDT 2009

/usr/bin/uname -p = unknown
/bin/uname -X     = unknown

/bin/arch              = i486
/usr/bin/arch -k       = i486
/usr/convex/getsysinfo = unknown
/usr/bin/hostinfo      = unknown
/bin/machine           = unknown
/usr/bin/oslevel       = unknown
/bin/universe          = unknown

PATH: /host_usr/bin
PATH: /scratchbox/devkits/git/bin
PATH: /scratchbox/devkits/svn/bin
PATH: /scratchbox/devkits/doctools/bin
PATH: /scratchbox/devkits/debian-etch/bin
PATH: /scratchbox/devkits/perl/bin
PATH: /scratchbox/tools/bin
PATH: /targets/links/arch_tools/bin
PATH: /scratchbox/compilers/bin
PATH: /bin
PATH: /usr/bin
PATH: /usr/local/bin
PATH: /usr/X11R6/bin
PATH: /sbin
PATH: /usr/sbin


## ----------- ##
## Core tests. ##
## ----------- ##

configure:2300: checking for a BSD-compatible install
configure:2368: result: /scratchbox/tools/bin/install -c
configure:2379: checking whether build environment is sane
configure:2422: result: yes
configure:2447: checking for a thread-safe mkdir -p
configure:2486: result: /scratchbox/tools/bin/mkdir -p
configure:2499: checking for gawk
configure:2515: found /scratchbox/tools/bin/gawk
configure:2526: result: gawk
configure:2537: checking whether make sets $(MAKE)
configure:2559: result: yes
configure:2755: checking nano version
configure:2761: result: 0 (release)
configure:2782: checking whether to enable maintainer-specific portions of Makefiles
configure:2791: result: no
configure:2811: checking build system type
configure:2829: result: i486-pc-linux-gnu
configure:2851: checking host system type
configure:2866: result: i486-pc-linux-gnu
configure:3233: checking for style of include used by make
configure:3261: result: GNU
configure:3331: checking for gcc
configure:3358: result: cc
configure:3590: checking for C compiler version
configure:3598: cc --version >&5
sbox-i486-pc-linux-gnu-cc (GCC) 4.2.1
Copyright (C) 2007 Free Software Foundation, Inc.
This is free software; see the source for copying conditions.  There is NO
warranty; not even for MERCHANTABILITY or FITNESS FOR A PARTICULAR PURPOSE.

configure:3602: $? = 0
configure:3609: cc -v >&5
Using built-in specs.
Reading specs from /scratchbox/compilers/cs2007q3-glibc2.5-i486/gcc.specs
rename spec cpp to old_cpp
rename spec cc1 to old_cc1
rename spec cc1plus to old_cc1plus
rename spec link to old_link
rename spec mflib to old_mflib
Target: i486-pc-linux-gnu
Configured with: /home/jhakala/cs2007q3-sb5/i486//src/gcc-4.2/configure --build=i686-pc-linux-gnu --host=i686-pc-linux-gnu --target=i486-pc-linux-gnu --enable-threads --disable-libmudflap --disable-libssp --disable-libgomp --disable-libstdcxx-pch --with-gnu-as --with-gnu-ld --enable-languages=c,c++ --enable-shared --enable-symvers=gnu --enable-__cxa_atexit --disable-nls --prefix=/opt/maemo --with-sysroot=/opt/maemo/i486-pc-linux-gnu/libc --with-build-sysroot=/home/jhakala/cs2007q3-sb5/i486//install/i486-pc-linux-gnu/libc --with-build-time-tools=/home/jhakala/cs2007q3-sb5/i486//install/i486-pc-linux-gnu/bin
Thread model: posix
gcc version 4.2.1
configure:3613: $? = 0
configure:3620: cc -V >&5
sbox-i486-pc-linux-gnu-cc: '-V' must come at the start of the command line
configure:3624: $? = 1
configure:3647: checking for C compiler default output file name
configure:3669: cc -g -Wall -O2 -Wno-error  -Wl,-z,defs -Wl,-O1 -Wl,--as-needed conftest.c  >&5
configure:3673: $? = 0
configure:3711: result: a.out
configure:3730: checking whether the C compiler works
configure:3740: ./a.out
configure:3744: $? = 0
configure:3763: result: yes
configure:3770: checking whether we are cross compiling
configure:3772: result: no
configure:3775: checking for suffix of executables
configure:3782: cc -o conftest -g -Wall -O2 -Wno-error  -Wl,-z,defs -Wl,-O1 -Wl,--as-needed conftest.c  >&5
configure:3786: $? = 0
configure:3812: result: 
configure:3818: checking for suffix of object files
configure:3844: cc -c -g -Wall -O2 -Wno-error  conftest.c >&5
configure:3848: $? = 0
configure:3873: result: o
configure:3877: checking whether we are using the GNU C compiler
configure:3906: cc -c -g -Wall -O2 -Wno-error  conftest.c >&5
configure:3913: $? = 0
configure:3930: result: yes
configure:3939: checking whether cc accepts -g
configure:3969: cc -c -g  conftest.c >&5
configure:3976: $? = 0
configure:4077: result: yes
configure:4094: checking for cc option to accept ISO C89
configure:4168: cc  -c -g -Wall -O2 -Wno-error  conftest.c >&5
configure:4175: $? = 0
configure:4198: result: none needed
configure:4218: checking dependency style of cc
configure:4309: result: none
configure:4324: checking for a sed that does not truncate output
configure:4390: result: /scratchbox/tools/bin/sed
configure:4408: checking for grep that handles long lines and -e
configure:4468: result: /scratchbox/tools/bin/grep
configure:4473: checking for egrep
configure:4537: result: /scratchbox/tools/bin/grep -E
configure:4542: checking for fgrep
configure:4606: result: /scratchbox/tools/bin/grep -F
configure:4641: checking for ld used by cc
configure:4708: result: /scratchbox/compilers/cs2007q3-glibc2.5-i486/i486-pc-linux-gnu/bin/ld
configure:4717: checking if the linker (/scratchbox/compilers/cs2007q3-glibc2.5-i486/i486-pc-linux-gnu/bin/ld) is GNU ld
configure:4732: result: yes
configure:4744: checking for BSD- or MS-compatible name lister (nm)
configure:4793: result: /scratchbox/compilers/bin/nm -B
configure:4911: checking the name lister (/scratchbox/compilers/bin/nm -B) interface
configure:4918: cc -c -g -Wall -O2 -Wno-error  conftest.c >&5
configure:4921: /scratchbox/compilers/bin/nm -B "conftest.o"
configure:4924: output
00000000 B some_variable
configure:4931: result: BSD nm
configure:4934: checking whether ln -s works
configure:4938: result: yes
configure:4946: checking the maximum length of command line arguments
configure:5066: result: 98304
configure:5083: checking whether the shell understands some XSI constructs
configure:5093: result: yes
configure:5097: checking whether the shell understands "+="
configure:5103: result: no
configure:5138: checking for /scratchbox/compilers/cs2007q3-glibc2.5-i486/i486-pc-linux-gnu/bin/ld option to reload object files
configure:5145: result: -r
configure:5214: checking for objdump
configure:5241: result: objdump
configure:5270: checking how to recognize dependent libraries
configure:5466: result: pass_all
configure:5526: checking for ar
configure:5542: found /scratchbox/compilers/bin/ar
configure:5553: result: ar
configure:5631: checking for strip
configure:5647: found /scratchbox/compilers/bin/strip
configure:5658: result: strip
configure:5730: checking for ranlib
configure:5746: found /scratchbox/compilers/bin/ranlib
configure:5757: result: ranlib
configure:5847: checking command to parse /scratchbox/compilers/bin/nm -B output from cc object
configure:5965: cc -c -g -Wall -O2 -Wno-error  conftest.c >&5
configure:5968: $? = 0
configure:5972: /scratchbox/compilers/bin/nm -B conftest.o \| sed -n -e 's/^.*[	 ]\([ABCDGIRSTW][ABCDGIRSTW]*\)[	 ][	 ]*\([_A-Za-z][_A-Za-z0-9]*\)$/\1 \2 \2/p' \> conftest.nm
configure:5975: $? = 0
configure:6029: cc -o conftest -g -Wall -O2 -Wno-error  -Wl,-z,defs -Wl,-O1 -Wl,--as-needed conftest.c conftstm.o >&5
configure:6032: $? = 0
configure:6070: result: ok
configure:6937: checking how to run the C preprocessor
configure:6977: cc -E  conftest.c
configure:6984: $? = 0
configure:7015: cc -E  conftest.c
conftest.c:10:28: error: ac_nonexistent.h: No such file or directory
configure:7022: $? = 1
configure: failed program was:
| /* confdefs.h.  */
| #define PACKAGE_NAME "GStreamer FFMpeg"
| #define PACKAGE_TARNAME "gst-ffmpeg"
| #define PACKAGE_VERSION "0.10.9"
| #define PACKAGE_STRING "GStreamer FFMpeg 0.10.9"
| #define PACKAGE_BUGREPORT "http://bugzilla.gnome.org/enter_bug.cgi?product=GStreamer"
| #define PACKAGE "gst-ffmpeg"
| #define VERSION "0.10.9"
| /* end confdefs.h.  */
| #include <ac_nonexistent.h>
configure:7055: result: cc -E
configure:7084: cc -E  conftest.c
configure:7091: $? = 0
configure:7122: cc -E  conftest.c
conftest.c:10:28: error: ac_nonexistent.h: No such file or directory
configure:7129: $? = 1
configure: failed program was:
| /* confdefs.h.  */
| #define PACKAGE_NAME "GStreamer FFMpeg"
| #define PACKAGE_TARNAME "gst-ffmpeg"
| #define PACKAGE_VERSION "0.10.9"
| #define PACKAGE_STRING "GStreamer FFMpeg 0.10.9"
| #define PACKAGE_BUGREPORT "http://bugzilla.gnome.org/enter_bug.cgi?product=GStreamer"
| #define PACKAGE "gst-ffmpeg"
| #define VERSION "0.10.9"
| /* end confdefs.h.  */
| #include <ac_nonexistent.h>
configure:7169: checking for ANSI C header files
configure:7199: cc -c -g -Wall -O2 -Wno-error  conftest.c >&5
configure:7206: $? = 0
configure:7302: cc -o conftest -g -Wall -O2 -Wno-error  -Wl,-z,defs -Wl,-O1 -Wl,--as-needed conftest.c  >&5
configure:7306: $? = 0
configure:7312: ./conftest
configure:7316: $? = 0
configure:7334: result: yes
configure:7358: checking for sys/types.h
configure:7379: cc -c -g -Wall -O2 -Wno-error  conftest.c >&5
configure:7386: $? = 0
configure:7403: result: yes
configure:7358: checking for sys/stat.h
configure:7379: cc -c -g -Wall -O2 -Wno-error  conftest.c >&5
configure:7386: $? = 0
configure:7403: result: yes
configure:7358: checking for stdlib.h
configure:7379: cc -c -g -Wall -O2 -Wno-error  conftest.c >&5
configure:7386: $? = 0
configure:7403: result: yes
configure:7358: checking for string.h
configure:7379: cc -c -g -Wall -O2 -Wno-error  conftest.c >&5
configure:7386: $? = 0
configure:7403: result: yes
configure:7358: checking for memory.h
configure:7379: cc -c -g -Wall -O2 -Wno-error  conftest.c >&5
configure:7386: $? = 0
configure:7403: result: yes
configure:7358: checking for strings.h
configure:7379: cc -c -g -Wall -O2 -Wno-error  conftest.c >&5
configure:7386: $? = 0
configure:7403: result: yes
configure:7358: checking for inttypes.h
configure:7379: cc -c -g -Wall -O2 -Wno-error  conftest.c >&5
configure:7386: $? = 0
configure:7403: result: yes
configure:7358: checking for stdint.h
configure:7379: cc -c -g -Wall -O2 -Wno-error  conftest.c >&5
configure:7386: $? = 0
configure:7403: result: yes
configure:7358: checking for unistd.h
configure:7379: cc -c -g -Wall -O2 -Wno-error  conftest.c >&5
configure:7386: $? = 0
configure:7403: result: yes
configure:7421: checking for dlfcn.h
configure:7442: cc -c -g -Wall -O2 -Wno-error  conftest.c >&5
configure:7449: $? = 0
configure:7466: result: yes
configure:7650: checking for objdir
configure:7665: result: .libs
configure:7961: checking if cc supports -fno-rtti -fno-exceptions
configure:7982: cc -c -g -Wall -O2 -Wno-error  -fno-rtti -fno-exceptions conftest.c >&5
cc1: warning: command line option "-fno-rtti" is valid for C++/ObjC++ but not for C
cc1: warning: command line option "-fno-rtti" is valid for C++/ObjC++ but not for C
configure:7986: $? = 0
configure:7996: result: no
configure:8016: checking for cc option to produce PIC
configure:8288: result: -fPIC -DPIC
configure:8300: checking if cc PIC flag -fPIC -DPIC works
configure:8321: cc -c -g -Wall -O2 -Wno-error  -fPIC -DPIC -DPIC conftest.c >&5
configure:8325: $? = 0
configure:8335: result: yes
configure:8359: checking if cc static flag -static works
configure:8387: result: yes
configure:8402: checking if cc supports -c -o file.o
configure:8426: cc -c -g -Wall -O2 -Wno-error  -o out/conftest2.o conftest.c >&5
configure:8430: $? = 0
configure:8449: result: yes
configure:8457: checking if cc supports -c -o file.o
configure:8504: result: yes
configure:8537: checking whether the cc linker (/scratchbox/compilers/cs2007q3-glibc2.5-i486/i486-pc-linux-gnu/bin/ld) supports shared libraries
configure:9612: result: yes
configure:9649: checking whether -lc should be explicitly linked in
configure:9654: cc -c -g -Wall -O2 -Wno-error  conftest.c >&5
configure:9657: $? = 0
configure:9672: cc -shared conftest.o  -v -Wl,-soname -Wl,conftest -o conftest 2\>\&1 \| /scratchbox/tools/bin/grep  -lc  \>/dev/null 2\>\&1
configure:9675: $? = 0
configure:9687: result: no
configure:9851: checking dynamic linker characteristics
configure:10294: cc -o conftest -g -Wall -O2 -Wno-error  -Wl,-z,defs -Wl,-O1 -Wl,--as-needed -Wl,-rpath -Wl,/foo conftest.c  >&5
configure:10301: $? = 0
configure:10546: result: GNU/Linux ld.so
configure:10648: checking how to hardcode library paths into programs
configure:10673: result: immediate
configure:11506: checking whether stripping libraries is possible
configure:11511: result: yes
configure:11546: checking if libtool supports shared libraries
configure:11548: result: yes
configure:11551: checking whether to build shared libraries
configure:11572: result: yes
configure:11575: checking whether to build static libraries
configure:11579: result: yes
configure:11727: Using GStreamer FFMPEG Plugins (Maemo) as package name
configure:11755: Using https://garage.maemo.org as package origin
configure:11813: checking for pkg-config
configure:11831: found /scratchbox/tools/bin/pkg-config
configure:11843: result: /scratchbox/tools/bin/pkg-config
configure:11868: checking pkg-config is at least version 0.9.0
configure:11871: result: yes
configure:12104: checking whether byte ordering is bigendian
configure:12129: cc -c -g -Wall -O2 -Wno-error  conftest.c >&5
conftest.c:26: error: expected '=', ',', ';', 'asm' or '__attribute__' before 'a'
configure:12136: $? = 1
configure: failed program was:
| /* confdefs.h.  */
| #define PACKAGE_NAME "GStreamer FFMpeg"
| #define PACKAGE_TARNAME "gst-ffmpeg"
| #define PACKAGE_VERSION "0.10.9"
| #define PACKAGE_STRING "GStreamer FFMpeg 0.10.9"
| #define PACKAGE_BUGREPORT "http://bugzilla.gnome.org/enter_bug.cgi?product=GStreamer"
| #define PACKAGE "gst-ffmpeg"
| #define VERSION "0.10.9"
| #define STDC_HEADERS 1
| #define HAVE_SYS_TYPES_H 1
| #define HAVE_SYS_STAT_H 1
| #define HAVE_STDLIB_H 1
| #define HAVE_STRING_H 1
| #define HAVE_MEMORY_H 1
| #define HAVE_STRINGS_H 1
| #define HAVE_INTTYPES_H 1
| #define HAVE_STDINT_H 1
| #define HAVE_UNISTD_H 1
| #define HAVE_DLFCN_H 1
| #define LT_OBJDIR ".libs/"
| #define GST_PACKAGE_NAME "GStreamer FFMPEG Plugins (Maemo)"
| #define GST_PACKAGE_ORIGIN "https://garage.maemo.org"
| #define HAVE_CPU_I386 1
| /* end confdefs.h.  */
| #ifndef __APPLE_CC__
| 	       not a universal capable compiler
| 	     #endif
| 	     typedef int dummy;
| 
configure:12184: cc -c -g -Wall -O2 -Wno-error  conftest.c >&5
configure:12191: $? = 0
configure:12223: cc -c -g -Wall -O2 -Wno-error  conftest.c >&5
conftest.c: In function 'main':
conftest.c:32: error: 'not' undeclared (first use in this function)
conftest.c:32: error: (Each undeclared identifier is reported only once
conftest.c:32: error: for each function it appears in.)
conftest.c:32: error: expected ';' before 'big'
configure:12230: $? = 1
configure: failed program was:
| /* confdefs.h.  */
| #define PACKAGE_NAME "GStreamer FFMpeg"
| #define PACKAGE_TARNAME "gst-ffmpeg"
| #define PACKAGE_VERSION "0.10.9"
| #define PACKAGE_STRING "GStreamer FFMpeg 0.10.9"
| #define PACKAGE_BUGREPORT "http://bugzilla.gnome.org/enter_bug.cgi?product=GStreamer"
| #define PACKAGE "gst-ffmpeg"
| #define VERSION "0.10.9"
| #define STDC_HEADERS 1
| #define HAVE_SYS_TYPES_H 1
| #define HAVE_SYS_STAT_H 1
| #define HAVE_STDLIB_H 1
| #define HAVE_STRING_H 1
| #define HAVE_MEMORY_H 1
| #define HAVE_STRINGS_H 1
| #define HAVE_INTTYPES_H 1
| #define HAVE_STDINT_H 1
| #define HAVE_UNISTD_H 1
| #define HAVE_DLFCN_H 1
| #define LT_OBJDIR ".libs/"
| #define GST_PACKAGE_NAME "GStreamer FFMPEG Plugins (Maemo)"
| #define GST_PACKAGE_ORIGIN "https://garage.maemo.org"
| #define HAVE_CPU_I386 1
| /* end confdefs.h.  */
| #include <sys/types.h>
| 		#include <sys/param.h>
| 
| int
| main ()
| {
| #if BYTE_ORDER != BIG_ENDIAN
| 		 not big endian
| 		#endif
| 
|   ;
|   return 0;
| }
configure:12482: result: no
configure:12677: checking for gcc
configure:12704: result: cc
configure:12936: checking for C compiler version
configure:12944: cc --version >&5
sbox-i486-pc-linux-gnu-cc (GCC) 4.2.1
Copyright (C) 2007 Free Software Foundation, Inc.
This is free software; see the source for copying conditions.  There is NO
warranty; not even for MERCHANTABILITY or FITNESS FOR A PARTICULAR PURPOSE.

configure:12948: $? = 0
configure:12955: cc -v >&5
Using built-in specs.
Reading specs from /scratchbox/compilers/cs2007q3-glibc2.5-i486/gcc.specs
rename spec cpp to old_cpp
rename spec cc1 to old_cc1
rename spec cc1plus to old_cc1plus
rename spec link to old_link
rename spec mflib to old_mflib
Target: i486-pc-linux-gnu
Configured with: /home/jhakala/cs2007q3-sb5/i486//src/gcc-4.2/configure --build=i686-pc-linux-gnu --host=i686-pc-linux-gnu --target=i486-pc-linux-gnu --enable-threads --disable-libmudflap --disable-libssp --disable-libgomp --disable-libstdcxx-pch --with-gnu-as --with-gnu-ld --enable-languages=c,c++ --enable-shared --enable-symvers=gnu --enable-__cxa_atexit --disable-nls --prefix=/opt/maemo --with-sysroot=/opt/maemo/i486-pc-linux-gnu/libc --with-build-sysroot=/home/jhakala/cs2007q3-sb5/i486//install/i486-pc-linux-gnu/libc --with-build-time-tools=/home/jhakala/cs2007q3-sb5/i486//install/i486-pc-linux-gnu/bin
Thread model: posix
gcc version 4.2.1
configure:12959: $? = 0
configure:12966: cc -V >&5
sbox-i486-pc-linux-gnu-cc: '-V' must come at the start of the command line
configure:12970: $? = 1
configure:12973: checking whether we are using the GNU C compiler
configure:13026: result: yes
configure:13035: checking whether cc accepts -g
configure:13173: result: yes
configure:13190: checking for cc option to accept ISO C89
configure:13294: result: none needed
configure:13314: checking dependency style of cc
configure:13405: result: none
configure:13470: checking for gcc
configure:13497: result: cc
configure:13729: checking for C compiler version
configure:13737: cc --version >&5
sbox-i486-pc-linux-gnu-cc (GCC) 4.2.1
Copyright (C) 2007 Free Software Foundation, Inc.
This is free software; see the source for copying conditions.  There is NO
warranty; not even for MERCHANTABILITY or FITNESS FOR A PARTICULAR PURPOSE.

configure:13741: $? = 0
configure:13748: cc -v >&5
Using built-in specs.
Reading specs from /scratchbox/compilers/cs2007q3-glibc2.5-i486/gcc.specs
rename spec cpp to old_cpp
rename spec cc1 to old_cc1
rename spec cc1plus to old_cc1plus
rename spec link to old_link
rename spec mflib to old_mflib
Target: i486-pc-linux-gnu
Configured with: /home/jhakala/cs2007q3-sb5/i486//src/gcc-4.2/configure --build=i686-pc-linux-gnu --host=i686-pc-linux-gnu --target=i486-pc-linux-gnu --enable-threads --disable-libmudflap --disable-libssp --disable-libgomp --disable-libstdcxx-pch --with-gnu-as --with-gnu-ld --enable-languages=c,c++ --enable-shared --enable-symvers=gnu --enable-__cxa_atexit --disable-nls --prefix=/opt/maemo --with-sysroot=/opt/maemo/i486-pc-linux-gnu/libc --with-build-sysroot=/home/jhakala/cs2007q3-sb5/i486//install/i486-pc-linux-gnu/libc --with-build-time-tools=/home/jhakala/cs2007q3-sb5/i486//install/i486-pc-linux-gnu/bin
Thread model: posix
gcc version 4.2.1
configure:13752: $? = 0
configure:13759: cc -V >&5
sbox-i486-pc-linux-gnu-cc: '-V' must come at the start of the command line
configure:13763: $? = 1
configure:13766: checking whether we are using the GNU C compiler
configure:13819: result: yes
configure:13828: checking whether cc accepts -g
configure:13966: result: yes
configure:13983: checking for cc option to accept ISO C89
configure:14087: result: none needed
configure:14107: checking dependency style of cc
configure:14198: result: none
configure:14222: checking whether cc understands -c and -o together
configure:14254: cc -c conftest.c -o conftest2.o >&5
configure:14258: $? = 0
configure:14264: cc -c conftest.c -o conftest2.o >&5
configure:14268: $? = 0
configure:14323: result: yes
configure:14353: checking for valgrind
configure:14384: result: no
configure:15147: checking whether to build gtk-doc documentation
configure:15149: result: no
configure:15156: checking for gtkdoc-check
configure:15189: result: no
configure:15220: Looking for Python version >= 2.1
configure:15238: checking for python
configure:15256: found /scratchbox/tools/bin/python
configure:15268: result: /scratchbox/tools/bin/python
configure:15280: checking "/scratchbox/tools/bin/python":
configure:15282: result: okay
configure:15298: checking local Python configuration
configure:15335: result: looks good
configure:15343: checking whether to build plugin documentation
configure:15350: result: no (gtk-doc disabled or not available)
configure:15511: checking for cos in -lm
configure:15546: cc -o conftest -g -Wall -O2 -Wno-error  -Wl,-z,defs -Wl,-O1 -Wl,--as-needed conftest.c -lm   >&5
conftest.c:33: warning: conflicting types for built-in function 'cos'
configure:15553: $? = 0
configure:15574: result: yes
configure:15587: checking for ANSI C header files
configure:15752: result: yes
configure:15776: checking for GST
configure:15784: $PKG_CONFIG --exists --print-errors "$module >= $minver"
configure:15787: $? = 0
configure:15802: $PKG_CONFIG --exists --print-errors "$module >= $minver"
configure:15805: $? = 0
configure:15869: result: yes
configure:15885: using GStreamer tools in /usr/bin
configure:15897: using GStreamer plug-ins in /usr/lib/gstreamer-0.10
configure:15909: checking for GST_BASE
configure:15917: $PKG_CONFIG --exists --print-errors "$module >= $minver"
configure:15920: $? = 0
configure:15935: $PKG_CONFIG --exists --print-errors "$module >= $minver"
configure:15938: $? = 0
configure:16002: result: yes
configure:16019: checking for GST_PLUGINS_BASE
configure:16027: $PKG_CONFIG --exists --print-errors "$module >= $minver"
configure:16030: $? = 0
configure:16045: $PKG_CONFIG --exists --print-errors "$module >= $minver"
configure:16048: $? = 0
configure:16112: result: yes
configure:16129: using GStreamer Base Plug-ins in /usr/lib/gstreamer-0.10
configure:16141: checking for GST_CHECK
configure:16149: $PKG_CONFIG --exists --print-errors "$module >= $minver"
configure:16152: $? = 0
configure:16167: $PKG_CONFIG --exists --print-errors "$module >= $minver"
configure:16170: $? = 0
configure:16234: result: yes
configure:16252: Using GStreamer Core Plugins in /usr/lib/gstreamer-0.10
configure:16254: Using GStreamer Base Plugins in /usr/lib/gstreamer-0.10
configure:16259: checking for LIBOIL
configure:16267: $PKG_CONFIG --exists --print-errors "liboil-$LIBOIL_MAJORMINOR >= $LIBOIL_REQ"
configure:16270: $? = 0
configure:16285: $PKG_CONFIG --exists --print-errors "liboil-$LIBOIL_MAJORMINOR >= $LIBOIL_REQ"
configure:16288: $? = 0
configure:16324: result: yes
configure:16376: Using /usr/lib/gstreamer-0.10 as the plugin install location
configure:16384: checking to see if compiler understands 
configure:16411: cc -c -g -Wall -O2 -Wno-error   conftest.c >&5
configure:16418: $? = 0
configure:16441: result: yes
configure:16450: checking to see if compiler understands -Wall
configure:16477: cc -c -g -Wall -O2 -Wno-error -Wall  conftest.c >&5
configure:16484: $? = 0
configure:16507: result: yes
configure:16512: checking to see if compiler understands -Wdeclaration-after-statement
configure:16539: cc -c -g -Wall -O2 -Wno-error -Wdeclaration-after-statement  conftest.c >&5
configure:16546: $? = 0
configure:16569: result: yes
configure:16574: checking to see if compiler understands -Wvla
configure:16601: cc -c -g -Wall -O2 -Wno-error -Wvla  conftest.c >&5
cc1: error: unrecognized command line option "-Wvla"
configure:16608: $? = 1
configure: failed program was:
| /* confdefs.h.  */
| #define PACKAGE_NAME "GStreamer FFMpeg"
| #define PACKAGE_TARNAME "gst-ffmpeg"
| #define PACKAGE_VERSION "0.10.9"
| #define PACKAGE_STRING "GStreamer FFMpeg 0.10.9"
| #define PACKAGE_BUGREPORT "http://bugzilla.gnome.org/enter_bug.cgi?product=GStreamer"
| #define PACKAGE "gst-ffmpeg"
| #define VERSION "0.10.9"
| #define STDC_HEADERS 1
| #define HAVE_SYS_TYPES_H 1
| #define HAVE_SYS_STAT_H 1
| #define HAVE_STDLIB_H 1
| #define HAVE_STRING_H 1
| #define HAVE_MEMORY_H 1
| #define HAVE_STRINGS_H 1
| #define HAVE_INTTYPES_H 1
| #define HAVE_STDINT_H 1
| #define HAVE_UNISTD_H 1
| #define HAVE_DLFCN_H 1
| #define LT_OBJDIR ".libs/"
| #define GST_PACKAGE_NAME "GStreamer FFMPEG Plugins (Maemo)"
| #define GST_PACKAGE_ORIGIN "https://garage.maemo.org"
| #define HAVE_CPU_I386 1
| #define HOST_CPU "i486"
| #define STDC_HEADERS 1
| #define PLUGINDIR "/usr/lib/gstreamer-0.10"
| /* end confdefs.h.  */
| 
| int
| main ()
| {
| 
|   ;
|   return 0;
| }
configure:16631: result: no
configure:16636: checking to see if compiler understands -Wpointer-arith
configure:16663: cc -c -g -Wall -O2 -Wno-error -Wpointer-arith  conftest.c >&5
configure:16670: $? = 0
configure:16693: result: yes
configure:16971: set ERROR_CFLAGS to -Wall -Wdeclaration-after-statement -Wpointer-arith
configure:17017: checking host system type
configure:17032: result: i486-pc-linux-gnu
configure:17065: checking for BZ2_bzlibVersion in -lbz2
configure:17100: cc -o conftest -g -Wall -O2 -Wno-error  -Wl,-z,defs -Wl,-O1 -Wl,--as-needed conftest.c -lbz2   >&5
configure:17107: $? = 0
configure:17128: result: yes
configure:17147: checking bzlib.h usability
configure:17164: cc -c -g -Wall -O2 -Wno-error  conftest.c >&5
configure:17171: $? = 0
configure:17185: result: yes
configure:17189: checking bzlib.h presence
configure:17204: cc -E  conftest.c
configure:17211: $? = 0
configure:17225: result: yes
configure:17258: checking for bzlib.h
configure:17265: result: yes
configure:17874: Using ffmpeg revision 19580
configure:17974: Using included FFMpeg code
configure:18026: checking for sed
configure:18054: result: /scratchbox/tools/bin/sed
configure:18407: creating ./config.status

## ---------------------- ##
## Running config.status. ##
## ---------------------- ##

This file was extended by GStreamer FFMpeg config.status 0.10.9, which was
generated by GNU Autoconf 2.63.  Invocation command line was

  CONFIG_FILES    = 
  CONFIG_HEADERS  = 
  CONFIG_LINKS    = 
  CONFIG_COMMANDS = 
  $ ./config.status 

on zafluendo

config.status:1157: creating Makefile
config.status:1157: creating common/Makefile
config.status:1157: creating common/m4/Makefile
config.status:1157: creating common/shave
config.status:1157: creating common/shave-libtool
config.status:1157: creating gst-ffmpeg.spec
config.status:1157: creating ext/Makefile
config.status:1157: creating ext/ffmpeg/Makefile
config.status:1157: creating ext/libpostproc/Makefile
config.status:1157: creating ext/libswscale/Makefile
config.status:1157: creating gst-libs/Makefile
config.status:1157: creating gst-libs/ext/Makefile
config.status:1157: creating docs/Makefile
config.status:1157: creating docs/version.entities
config.status:1157: creating tests/Makefile
config.status:1157: creating tests/check/Makefile
config.status:1157: creating tests/files/Makefile
config.status:1157: creating config.h
config.status:1431: executing depfiles commands
config.status:1431: executing libtool commands
config.status:1431: executing configure-embedded-ffmpeg commands

## ---------------- ##
## Cache variables. ##
## ---------------- ##

ac_cv_build=i486-pc-linux-gnu
ac_cv_c_bigendian=no
ac_cv_c_compiler_gnu=yes
ac_cv_env_CC_set=set
ac_cv_env_CC_value=cc
ac_cv_env_CFLAGS_set=set
ac_cv_env_CFLAGS_value='-g -Wall -O2 -Wno-error'
ac_cv_env_CPPFLAGS_set=set
ac_cv_env_CPPFLAGS_value=
ac_cv_env_CPP_set=
ac_cv_env_CPP_value=
ac_cv_env_FFMPEG_CFLAGS_set=
ac_cv_env_FFMPEG_CFLAGS_value=
ac_cv_env_FFMPEG_LIBS_set=
ac_cv_env_FFMPEG_LIBS_value=
ac_cv_env_GST_BASE_CFLAGS_set=
ac_cv_env_GST_BASE_CFLAGS_value=
ac_cv_env_GST_BASE_LIBS_set=
ac_cv_env_GST_BASE_LIBS_value=
ac_cv_env_GST_CFLAGS_set=
ac_cv_env_GST_CFLAGS_value=
ac_cv_env_GST_CHECK_CFLAGS_set=
ac_cv_env_GST_CHECK_CFLAGS_value=
ac_cv_env_GST_CHECK_LIBS_set=
ac_cv_env_GST_CHECK_LIBS_value=
ac_cv_env_GST_LIBS_set=
ac_cv_env_GST_LIBS_value=
ac_cv_env_GST_PLUGINS_BASE_CFLAGS_set=
ac_cv_env_GST_PLUGINS_BASE_CFLAGS_value=
ac_cv_env_GST_PLUGINS_BASE_LIBS_set=
ac_cv_env_GST_PLUGINS_BASE_LIBS_value=
ac_cv_env_LDFLAGS_set=set
ac_cv_env_LDFLAGS_value='-Wl,-z,defs -Wl,-O1 -Wl,--as-needed'
ac_cv_env_LIBOIL_CFLAGS_set=
ac_cv_env_LIBOIL_CFLAGS_value=
ac_cv_env_LIBOIL_LIBS_set=
ac_cv_env_LIBOIL_LIBS_value=
ac_cv_env_LIBS_set=
ac_cv_env_LIBS_value=
ac_cv_env_PKG_CONFIG_set=
ac_cv_env_PKG_CONFIG_value=
ac_cv_env_POSTPROC_CFLAGS_set=
ac_cv_env_POSTPROC_CFLAGS_value=
ac_cv_env_POSTPROC_LIBS_set=
ac_cv_env_POSTPROC_LIBS_value=
ac_cv_env_SWSCALE_CFLAGS_set=
ac_cv_env_SWSCALE_CFLAGS_value=
ac_cv_env_SWSCALE_LIBS_set=
ac_cv_env_SWSCALE_LIBS_value=
ac_cv_env_VALGRIND_CFLAGS_set=
ac_cv_env_VALGRIND_CFLAGS_value=
ac_cv_env_VALGRIND_LIBS_set=
ac_cv_env_VALGRIND_LIBS_value=
ac_cv_env_build_alias_set=set
ac_cv_env_build_alias_value=i486-linux-gnu
ac_cv_env_host_alias_set=
ac_cv_env_host_alias_value=
ac_cv_env_target_alias_set=
ac_cv_env_target_alias_value=
ac_cv_header_bzlib_h=yes
ac_cv_header_dlfcn_h=yes
ac_cv_header_inttypes_h=yes
ac_cv_header_memory_h=yes
ac_cv_header_stdc=yes
ac_cv_header_stdint_h=yes
ac_cv_header_stdlib_h=yes
ac_cv_header_string_h=yes
ac_cv_header_strings_h=yes
ac_cv_header_sys_stat_h=yes
ac_cv_header_sys_types_h=yes
ac_cv_header_unistd_h=yes
ac_cv_host=i486-pc-linux-gnu
ac_cv_lib_bz2_BZ2_bzlibVersion=yes
ac_cv_lib_m_cos=yes
ac_cv_objext=o
ac_cv_path_EGREP='/scratchbox/tools/bin/grep -E'
ac_cv_path_FGREP='/scratchbox/tools/bin/grep -F'
ac_cv_path_GREP=/scratchbox/tools/bin/grep
ac_cv_path_PYTHON=/scratchbox/tools/bin/python
ac_cv_path_SED=/scratchbox/tools/bin/sed
ac_cv_path_VALGRIND_PATH=no
ac_cv_path_ac_pt_PKG_CONFIG=/scratchbox/tools/bin/pkg-config
ac_cv_path_install='/scratchbox/tools/bin/install -c'
ac_cv_path_mkdir=/scratchbox/tools/bin/mkdir
ac_cv_prog_AWK=gawk
ac_cv_prog_CPP='cc -E'
ac_cv_prog_SED=/scratchbox/tools/bin/sed
ac_cv_prog_ac_ct_AR=ar
ac_cv_prog_ac_ct_CC=cc
ac_cv_prog_ac_ct_OBJDUMP=objdump
ac_cv_prog_ac_ct_RANLIB=ranlib
ac_cv_prog_ac_ct_STRIP=strip
ac_cv_prog_cc_c89=
ac_cv_prog_cc_cc_c_o=yes
ac_cv_prog_cc_g=yes
ac_cv_prog_make_make_set=yes
am_cv_CC_dependencies_compiler_type=none
am_cv_prog_cc_stdc=
lt_cv_deplibs_check_method=pass_all
lt_cv_file_magic_cmd='$MAGIC_CMD'
lt_cv_file_magic_test_file=
lt_cv_ld_reload_flag=-r
lt_cv_nm_interface='BSD nm'
lt_cv_objdir=.libs
lt_cv_path_LD=/scratchbox/compilers/cs2007q3-glibc2.5-i486/i486-pc-linux-gnu/bin/ld
lt_cv_path_NM='/scratchbox/compilers/bin/nm -B'
lt_cv_prog_compiler_c_o=yes
lt_cv_prog_compiler_pic_works=yes
lt_cv_prog_compiler_rtti_exceptions=no
lt_cv_prog_compiler_static_works=yes
lt_cv_prog_gnu_ld=yes
lt_cv_sys_global_symbol_pipe='sed -n -e '\''s/^.*[	 ]\([ABCDGIRSTW][ABCDGIRSTW]*\)[	 ][	 ]*\([_A-Za-z][_A-Za-z0-9]*\)$/\1 \2 \2/p'\'''
lt_cv_sys_global_symbol_to_c_name_address='sed -n -e '\''s/^: \([^ ]*\) $/  {\"\1\", (void *) 0},/p'\'' -e '\''s/^[ABCDGIRSTW]* \([^ ]*\) \([^ ]*\)$/  {"\2", (void *) \&\2},/p'\'''
lt_cv_sys_global_symbol_to_c_name_address_lib_prefix='sed -n -e '\''s/^: \([^ ]*\) $/  {\"\1\", (void *) 0},/p'\'' -e '\''s/^[ABCDGIRSTW]* \([^ ]*\) \(lib[^ ]*\)$/  {"\2", (void *) \&\2},/p'\'' -e '\''s/^[ABCDGIRSTW]* \([^ ]*\) \([^ ]*\)$/  {"lib\2", (void *) \&\2},/p'\'''
lt_cv_sys_global_symbol_to_cdecl='sed -n -e '\''s/^T .* \(.*\)$/extern int \1();/p'\'' -e '\''s/^[ABCDGIRSTW]* .* \(.*\)$/extern char \1;/p'\'''
lt_cv_sys_max_cmd_len=98304
pkg_cv_GST_BASE_CFLAGS='-pthread -I/usr/include/gstreamer-0.10 -I/usr/include/glib-2.0 -I/usr/lib/glib-2.0/include -I/usr/include/libxml2  '
pkg_cv_GST_BASE_LIBS='-pthread -lgstbase-0.10 -lgstreamer-0.10 -lgobject-2.0 -lgmodule-2.0 -lgthread-2.0 -lrt -lxml2 -lglib-2.0  '
pkg_cv_GST_CFLAGS='-pthread -I/usr/include/gstreamer-0.10 -I/usr/include/glib-2.0 -I/usr/lib/glib-2.0/include -I/usr/include/libxml2  '
pkg_cv_GST_CHECK_CFLAGS='-pthread -I/usr/include/gstreamer-0.10 -I/usr/include/glib-2.0 -I/usr/lib/glib-2.0/include -I/usr/include/libxml2  '
pkg_cv_GST_CHECK_LIBS='-pthread -lgstcheck-0.10 -lcheck_pic -lm -lgstreamer-0.10 -lgobject-2.0 -lgmodule-2.0 -lgthread-2.0 -lrt -lxml2 -lglib-2.0  '
pkg_cv_GST_LIBS='-pthread -lgstreamer-0.10 -lgobject-2.0 -lgmodule-2.0 -lgthread-2.0 -lrt -lxml2 -lglib-2.0  '
pkg_cv_GST_PLUGINS_BASE_CFLAGS='-pthread -I/usr/include/gstreamer-0.10 -I/usr/include/glib-2.0 -I/usr/lib/glib-2.0/include -I/usr/include/libxml2  '
pkg_cv_GST_PLUGINS_BASE_LIBS='-pthread -lgstreamer-0.10 -lgobject-2.0 -lgmodule-2.0 -lgthread-2.0 -lrt -lxml2 -lglib-2.0  '
pkg_cv_LIBOIL_CFLAGS='-I/usr/include/liboil-0.3  '
pkg_cv_LIBOIL_LIBS='-loil-0.3 -lm -lrt  '

## ----------------- ##
## Output variables. ##
## ----------------- ##

ACLOCAL='${SHELL} /home/zaheer/MyDocs/gst-ffmpeg-0.10.9/missing --run aclocal-1.10'
ACLOCAL_AMFLAGS='-I m4 -I common/m4'
AMDEPBACKSLASH=''
AMDEP_FALSE=''
AMDEP_TRUE='#'
AMTAR='${SHELL} /home/zaheer/MyDocs/gst-ffmpeg-0.10.9/missing --run tar'
AM_MAKEFLAGS='`test -z $V && echo -s`'
AR='ar'
AS='cc'
AUTOCONF='${SHELL} /home/zaheer/MyDocs/gst-ffmpeg-0.10.9/missing --run autoconf'
AUTOHEADER='${SHELL} /home/zaheer/MyDocs/gst-ffmpeg-0.10.9/missing --run autoheader'
AUTOMAKE='${SHELL} /home/zaheer/MyDocs/gst-ffmpeg-0.10.9/missing --run automake-1.10'
AWK='gawk'
CAT_ENTRY_END=''
CAT_ENTRY_START=''
CC='/bin/sh /home/zaheer/MyDocs/gst-ffmpeg-0.10.9/common/shave cc cc'
CCDEPMODE='depmode=none'
CFLAGS='-g -Wall -O2 -Wno-error'
CPP='cc -E'
CPPFLAGS=''
CXX='/bin/sh /home/zaheer/MyDocs/gst-ffmpeg-0.10.9/common/shave cxx g++'
CYGPATH_W='echo'
DARWIN_LDFLAGS=''
DEFS='-DHAVE_CONFIG_H'
DEPDIR='.deps'
DEPRECATED_CFLAGS=''
DLLTOOL='dlltool'
DOCBOOK_ROOT=''
DOC_HTML_FALSE=''
DOC_HTML_TRUE='#'
DOC_PDF_FALSE=''
DOC_PDF_TRUE='#'
DOC_PS_FALSE=''
DOC_PS_TRUE='#'
DSYMUTIL=''
DUMPBIN=''
ECHO_C=''
ECHO_N='-n'
ECHO_T=''
EGREP='/scratchbox/tools/bin/grep -E'
ENABLE_DOCBOOK_FALSE=''
ENABLE_DOCBOOK_TRUE='#'
ENABLE_GTK_DOC_FALSE=''
ENABLE_GTK_DOC_TRUE='#'
ENABLE_PLUGIN_DOCS_FALSE=''
ENABLE_PLUGIN_DOCS_TRUE='#'
ERROR_CFLAGS='-Wall -Wdeclaration-after-statement -Wpointer-arith'
EXEEXT=''
F77='/bin/sh /home/zaheer/MyDocs/gst-ffmpeg-0.10.9/common/shave f77 '
FC='/bin/sh /home/zaheer/MyDocs/gst-ffmpeg-0.10.9/common/shave fc '
FFMPEG_CFLAGS='-I $(top_srcdir)/gst-libs/ext/ffmpeg/libavformat                  -I $(top_srcdir)/gst-libs/ext/ffmpeg/libavutil                  -I $(top_srcdir)/gst-libs/ext/ffmpeg/libavcodec 		 -I $(top_srcdir)/gst-libs/ext/ffmpeg                  -Wno-deprecated-declarations'
FFMPEG_CO_DIR='gst-libs/ext/ffmpeg'
FFMPEG_EXTERNALS_REVISION=''
FFMPEG_LIBS='$(top_builddir)/gst-libs/ext/ffmpeg/libavformat/libavformat.a                $(top_builddir)/gst-libs/ext/ffmpeg/libavcodec/libavcodec.a                $(top_builddir)/gst-libs/ext/ffmpeg/libavutil/libavutil.a'
FFMPEG_REVISION='19580'
FFMPEG_SUBDIRS='gst-libs'
FFMPEG_SVN='svn://svn.ffmpeg.org/ffmpeg/branches/0.5'
FGREP='/scratchbox/tools/bin/grep -F'
GREP='/scratchbox/tools/bin/grep'
GSTPB_PLUGINS_DIR='/usr/lib/gstreamer-0.10'
GST_ALL_LDFLAGS='-no-undefined'
GST_BASE_CFLAGS='-pthread -I/usr/include/gstreamer-0.10 -I/usr/include/glib-2.0 -I/usr/lib/glib-2.0/include -I/usr/include/libxml2  '
GST_BASE_LIBS='-pthread -lgstbase-0.10 -lgstreamer-0.10 -lgobject-2.0 -lgmodule-2.0 -lgthread-2.0 -lrt -lxml2 -lglib-2.0  '
GST_CFLAGS='-I$(top_srcdir)/gst-libs -I$(top_builddir)/gst-libs -pthread -I/usr/include/gstreamer-0.10 -I/usr/include/glib-2.0 -I/usr/lib/glib-2.0/include -I/usr/include/libxml2   $(GST_OPTION_CFLAGS)'
GST_CHECK_CFLAGS='-pthread -I/usr/include/gstreamer-0.10 -I/usr/include/glib-2.0 -I/usr/lib/glib-2.0/include -I/usr/include/libxml2  '
GST_CHECK_LIBS='-pthread -lgstcheck-0.10 -lcheck_pic -lm -lgstreamer-0.10 -lgobject-2.0 -lgmodule-2.0 -lgthread-2.0 -lrt -lxml2 -lglib-2.0  '
GST_LEVEL_DEFAULT='GST_LEVEL_NONE'
GST_LIBS='-pthread -lgstreamer-0.10 -lgobject-2.0 -lgmodule-2.0 -lgthread-2.0 -lrt -lxml2 -lglib-2.0  '
GST_MAJORMINOR='0.10'
GST_OPTION_CFLAGS='$(ERROR_CFLAGS) $(DEBUG_CFLAGS) $(PROFILE_CFLAGS) $(GCOV_CFLAGS) $(OPT_CFLAGS) $(DEPRECATED_CFLAGS)'
GST_PACKAGE_NAME='GStreamer FFMPEG Plugins (Maemo)'
GST_PACKAGE_ORIGIN='https://garage.maemo.org'
GST_PLUGINS_BASE_CFLAGS='-pthread -I/usr/include/gstreamer-0.10 -I/usr/include/glib-2.0 -I/usr/lib/glib-2.0/include -I/usr/include/libxml2  '
GST_PLUGINS_BASE_LIBS='-pthread -lgstreamer-0.10 -lgobject-2.0 -lgmodule-2.0 -lgthread-2.0 -lrt -lxml2 -lglib-2.0  '
GST_PLUGINS_DIR='/usr/lib/gstreamer-0.10'
GST_PLUGIN_LDFLAGS='-module -avoid-version -export-symbols-regex '\''^_*gst_plugin_desc$$'\'' -no-undefined'
GST_TOOLS_DIR='/usr/bin'
GTKDOC_CHECK=''
GTK_DOC_USE_LIBTOOL_FALSE='#'
GTK_DOC_USE_LIBTOOL_TRUE=''
HAVE_BZ2='yes'
HAVE_BZ2_FALSE='#'
HAVE_BZ2_TRUE=''
HAVE_CPU_ALPHA_FALSE=''
HAVE_CPU_ALPHA_TRUE='#'
HAVE_CPU_ARM_FALSE=''
HAVE_CPU_ARM_TRUE='#'
HAVE_CPU_CRISV32_FALSE=''
HAVE_CPU_CRISV32_TRUE='#'
HAVE_CPU_CRIS_FALSE=''
HAVE_CPU_CRIS_TRUE='#'
HAVE_CPU_HPPA_FALSE=''
HAVE_CPU_HPPA_TRUE='#'
HAVE_CPU_I386_FALSE='#'
HAVE_CPU_I386_TRUE=''
HAVE_CPU_IA64_FALSE=''
HAVE_CPU_IA64_TRUE='#'
HAVE_CPU_M68K_FALSE=''
HAVE_CPU_M68K_TRUE='#'
HAVE_CPU_MIPS_FALSE=''
HAVE_CPU_MIPS_TRUE='#'
HAVE_CPU_PPC64_FALSE=''
HAVE_CPU_PPC64_TRUE='#'
HAVE_CPU_PPC_FALSE=''
HAVE_CPU_PPC_TRUE='#'
HAVE_CPU_S390_FALSE=''
HAVE_CPU_S390_TRUE='#'
HAVE_CPU_SPARC_FALSE=''
HAVE_CPU_SPARC_TRUE='#'
HAVE_CPU_X86_64_FALSE=''
HAVE_CPU_X86_64_TRUE='#'
HAVE_DOCBOOK2HTML=''
HAVE_DOCBOOK2PS=''
HAVE_DVIPS=''
HAVE_EPSTOPDF=''
HAVE_FFMPEG_UNINSTALLED_FALSE='#'
HAVE_FFMPEG_UNINSTALLED_TRUE=''
HAVE_FIG2DEV=''
HAVE_GST_CHECK_FALSE='#'
HAVE_GST_CHECK_TRUE=''
HAVE_JADETEX=''
HAVE_PNGTOPNM=''
HAVE_PNMTOPS=''
HAVE_PS2PDF=''
HAVE_VALGRIND_FALSE=''
HAVE_VALGRIND_TRUE='#'
HAVE_XMLLINT=''
HTML_DIR='${datadir}/gtk-doc/html'
INSTALL_DATA='${INSTALL} -m 644'
INSTALL_PROGRAM='${INSTALL}'
INSTALL_SCRIPT='${INSTALL}'
INSTALL_STRIP_PROGRAM='$(install_sh) -c -s'
LD='/scratchbox/compilers/cs2007q3-glibc2.5-i486/i486-pc-linux-gnu/bin/ld'
LDFLAGS='-Wl,-z,defs -Wl,-O1 -Wl,--as-needed'
LIBM='-lm'
LIBOBJS=''
LIBOIL_CFLAGS='-I/usr/include/liboil-0.3  '
LIBOIL_LIBS='-loil-0.3 -lm -lrt  '
LIBS=''
LIBTOOL='/bin/sh /home/zaheer/MyDocs/gst-ffmpeg-0.10.9/common/shave-libtool '\''$(SHELL) $(top_builddir)/libtool'\'''
LIPO=''
LN_S='ln -s'
LTLIBOBJS=''
MAINT='#'
MAINTAINER_MODE_FALSE=''
MAINTAINER_MODE_TRUE='#'
MAKEFLAGS='-s'
MAKEINFO='${SHELL} /home/zaheer/MyDocs/gst-ffmpeg-0.10.9/missing --run makeinfo'
MKDIR_P='/scratchbox/tools/bin/mkdir -p'
NM='/scratchbox/compilers/bin/nm -B'
NMEDIT=''
OBJC='/bin/sh /home/zaheer/MyDocs/gst-ffmpeg-0.10.9/common/shave objc '
OBJDUMP='objdump'
OBJEXT='o'
OTOOL64=''
OTOOL=''
PACKAGE='gst-ffmpeg'
PACKAGE_BUGREPORT='http://bugzilla.gnome.org/enter_bug.cgi?product=GStreamer'
PACKAGE_NAME='GStreamer FFMpeg'
PACKAGE_STRING='GStreamer FFMpeg 0.10.9'
PACKAGE_TARNAME='gst-ffmpeg'
PACKAGE_VERSION='0.10.9'
PACKAGE_VERSION_MAJOR='0'
PACKAGE_VERSION_MICRO='9'
PACKAGE_VERSION_MINOR='10'
PACKAGE_VERSION_NANO='0'
PACKAGE_VERSION_RELEASE='1'
PATH_SEPARATOR=':'
PKG_CONFIG='/scratchbox/tools/bin/pkg-config'
PLUGINDIR='/usr/lib/gstreamer-0.10'
POSTPROC_CFLAGS='-I $(top_srcdir)/gst-libs/ext/ffmpeg/libpostproc	                   -I $(top_srcdir)/gst-libs/ext/ffmpeg/libavutil 	                   -I $(top_srcdir)/gst-libs/ext/ffmpeg/libavcodec 	                   -I $(top_srcdir)/gst-libs/ext/ffmpeg 	                   -Wno-deprecated-declarations'
POSTPROC_LIBS='$(top_builddir)/gst-libs/ext/ffmpeg/libpostproc/libpostproc.a   		 $(top_builddir)/gst-libs/ext/ffmpeg/libavutil/libavutil.a'
PROFILE_CFLAGS=''
PYTHON='/scratchbox/tools/bin/python'
PYTHON_EXEC_PREFIX='${exec_prefix}'
PYTHON_PLATFORM='linux2'
PYTHON_PREFIX='${prefix}'
PYTHON_VERSION='2.3'
Q='$(V:1=)'
RANLIB='ranlib'
SED='/scratchbox/tools/bin/sed'
SET_MAKE=''
SHELL='/bin/sh'
STRIP='strip'
SWSCALE_CFLAGS='-I $(top_srcdir)/gst-libs/ext/ffmpeg/libswscale	                  -I $(top_srcdir)/gst-libs/ext/ffmpeg/libavutil 	                  -I $(top_srcdir)/gst-libs/ext/ffmpeg 	                  -Wno-deprecated-declarations'
SWSCALE_LIBS='$(top_builddir)/gst-libs/ext/ffmpeg/libswscale/libswscale.a                 $(top_builddir)/gst-libs/ext/ffmpeg/libavutil/libavutil.a'
V='@'
VALGRIND_CFLAGS=''
VALGRIND_LIBS=''
VALGRIND_PATH='no'
VERSION='0.10.9'
WIN32_LIBS=''
XML_CATALOG=''
XSLTPROC=''
XSLTPROC_FLAGS=''
ac_ct_CC='cc'
ac_ct_DUMPBIN=''
am__fastdepCC_FALSE=''
am__fastdepCC_TRUE='#'
am__include='include'
am__isrc=''
am__leading_dot='.'
am__quote=''
am__tar='${AMTAR} chof - "$$tardir"'
am__untar='${AMTAR} xf -'
bindir='${exec_prefix}/bin'
build='i486-pc-linux-gnu'
build_alias='i486-linux-gnu'
build_cpu='i486'
build_os='linux-gnu'
build_vendor='pc'
datadir='${datarootdir}'
datarootdir='${prefix}/share'
docdir='$(datadir)/doc/gst-ffmpeg-0.10'
dvidir='${docdir}'
exec_prefix='${prefix}'
host='i486-pc-linux-gnu'
host_alias=''
host_cpu='i486'
host_os='linux-gnu'
host_vendor='pc'
htmldir='${docdir}'
includedir='${prefix}/include'
infodir='${prefix}/share/info'
install_sh='$(SHELL) /home/zaheer/MyDocs/gst-ffmpeg-0.10.9/install-sh'
libdir='${exec_prefix}/lib'
libexecdir='${prefix}/lib/gstreamer0.10-ffmpeg'
localedir='${datarootdir}/locale'
localstatedir='/var'
lt_ECHO='echo'
mandir='${prefix}/share/man'
mkdir_p='/scratchbox/tools/bin/mkdir -p'
oldincludedir='/usr/include'
pdfdir='${docdir}'
pkgpyexecdir='${pyexecdir}/gst-ffmpeg'
pkgpythondir='${pythondir}/gst-ffmpeg'
plugindir='$(libdir)/gstreamer-0.10'
prefix='/usr'
program_transform_name='s,x,x,'
psdir='${docdir}'
pyexecdir='${exec_prefix}/lib/python2.3/site-packages'
pythondir='${prefix}/lib/python2.3/site-packages'
sbindir='${exec_prefix}/sbin'
sharedstatedir='${prefix}/com'
shavedir='/home/zaheer/MyDocs/gst-ffmpeg-0.10.9/common'
sysconfdir='/etc'
target_alias=''

## ----------- ##
## confdefs.h. ##
## ----------- ##

#define PACKAGE_NAME "GStreamer FFMpeg"
#define PACKAGE_TARNAME "gst-ffmpeg"
#define PACKAGE_VERSION "0.10.9"
#define PACKAGE_STRING "GStreamer FFMpeg 0.10.9"
#define PACKAGE_BUGREPORT "http://bugzilla.gnome.org/enter_bug.cgi?product=GStreamer"
#define PACKAGE "gst-ffmpeg"
#define VERSION "0.10.9"
#define STDC_HEADERS 1
#define HAVE_SYS_TYPES_H 1
#define HAVE_SYS_STAT_H 1
#define HAVE_STDLIB_H 1
#define HAVE_STRING_H 1
#define HAVE_MEMORY_H 1
#define HAVE_STRINGS_H 1
#define HAVE_INTTYPES_H 1
#define HAVE_STDINT_H 1
#define HAVE_UNISTD_H 1
#define HAVE_DLFCN_H 1
#define LT_OBJDIR ".libs/"
#define GST_PACKAGE_NAME "GStreamer FFMPEG Plugins (Maemo)"
#define GST_PACKAGE_ORIGIN "https://garage.maemo.org"
#define HAVE_CPU_I386 1
#define HOST_CPU "i486"
#define STDC_HEADERS 1
#define PLUGINDIR "/usr/lib/gstreamer-0.10"
#define GST_LEVEL_DEFAULT GST_LEVEL_NONE
#define HAVE_AVI_H 1
#define FFMPEG_SOURCE "local snapshot"
#define HAVE_FFMPEG_UNINSTALLED /**/

configure: exit 0
